Run Information
========================
cognizant.intelligent.test.scripter.engine : 1.4
java.runtime.name    : Java(TM) SE Runtime Environment
java.version         : 15.0.2
java.home            : C:\Program Files\Java\jdk-15.0.2
os.name              : Windows 10
os.arch              : amd64
os.version           : 10.0
file.encoding        : UTF-8
========================
Run Started on Thu Apr 29 15:21:09 EDT 2021
Loading Browser Profile
Loading RunManager
[Scenario:CreateAContact] [TestCase: TestCase1] [Description: TestCase1] [Browser: Chrome Headless] [BrowserVersion: Default] [Platform: ANY][ExistingBrowser: false]
[Scenario:CreateAContact] [TestCase: TestCase2] [Description: TestCase2] [Browser: Chrome Headless] [BrowserVersion: Default] [Platform: ANY][ExistingBrowser: false]
[Scenario:CreateAContact] [TestCase: TestCase3] [Description: TestCase3] [Browser: Chrome Headless] [BrowserVersion: Default] [Platform: ANY][ExistingBrowser: false]
[Scenario:CreateAContact] [TestCase: TestCase4] [Description: TestCase4] [Browser: Chrome Headless] [BrowserVersion: Default] [Platform: ANY][ExistingBrowser: false]
[Scenario:CreateAContact] [TestCase: TestCase5] [Description: TestCase5] [Browser: Chrome Headless] [BrowserVersion: Default] [Platform: ANY][ExistingBrowser: false]
----------------------------------------------------------
[5] TestCases selected for execution from [//NewRelease/CreateAContactReg]
----------------------------------------------------------
Initializing Report
ApiLink not available!!
Run Manager true
Continue Execution true
Shutting Down Thread as there is no need for SelectiveThreading
Inside Task Run
Running Iteration 1
Launching Chrome Headless
Launching Local Driver
Starting ChromeDriver 89.0.4389.23 (61b08ee2c50024bab004e48d2b1b083cdbdac579-refs/branch-heads/4389@{#294}) on port 47453
Only local connections are allowed.
Please see https://chromedriver.chromium.org/security-considerations for suggestions on keeping ChromeDriver safe.
ChromeDriver was started successfully.
[1619724072.395][WARNING]: This version of ChromeDriver has not been tested with Chrome version 90.
2021-04-29 15:21:12:04S -0400 [INFO] org.openqa.selenium.remote.ProtocolHandshake createSession:Detected dialect: W3C
Chrome Headless Launched
Step:1   | Object: Browser | Action: Open | Input: %D365 URL% | Conditon:  | @29-Apr-2021 15:21:12.012
[DONE]   | Opened Url: https://orga96af924.crm.dynamics.com/

===================================================================================================

Step:2   | Object: Browser | Action: waitForPageLoaded | Input:  | Conditon:  | @29-Apr-2021 15:21:15.015
[DONE]   | Page load completed in stipulated time

===================================================================================================

Step:3   | Object: LoginPage.txtbx_Username | Action: waitForElementToBeClickable | Input:  | Conditon:  | @29-Apr-2021 15:21:17.017
Using @relative_xpath [//input[@type='email']], Object 'LoginPage.txtbx_Username' Found in 29 ms
[DONE]   | 'LoginPage.txtbx_Username' Element becomes Clickable in stipulated time

===================================================================================================

Step:4   | Object: LoginPage.txtbx_Username | Action: Click | Input:  | Conditon:  | @29-Apr-2021 15:21:17.017
Using @relative_xpath [//input[@type='email']], Object 'LoginPage.txtbx_Username' Found in 17 ms
[DONE]   | Clicking on LoginPage.txtbx_Username

===================================================================================================

Step:5   | Object: LoginPage.txtbx_Username | Action: Set | Input: %D365 Username% | Conditon:  | @29-Apr-2021 15:21:17.017
Using @relative_xpath [//input[@type='email']], Object 'LoginPage.txtbx_Username' Found in 14 ms
[DONE]   | Entered Text 'danj@CRM982058.OnMicrosoft.com' on 'LoginPage.txtbx_Username'

===================================================================================================

Step:6   | Object: LoginPage.tbx_UsernameNext | Action: Click | Input:  | Conditon:  | @29-Apr-2021 15:21:18.018
Using @relative_xpath [//input[@type='submit']], Object 'LoginPage.tbx_UsernameNext' Found in 25 ms
[DONE]   | Clicking on LoginPage.tbx_UsernameNext

===================================================================================================

Step:7   | Object: Browser | Action: pause | Input: @3000 | Conditon:  | @29-Apr-2021 15:21:18.018
[DONE]   | Thread sleep for '3000

===================================================================================================

Step:8   | Object: LoginPage.txtbx_Password | Action: Click | Input:  | Conditon:  | @29-Apr-2021 15:21:21.021
Using @relative_xpath [//input[@name='passwd']], Object 'LoginPage.txtbx_Password' Found in 51 ms
[DONE]   | Clicking on LoginPage.txtbx_Password

===================================================================================================

Step:9   | Object: LoginPage.txtbx_Password | Action: Set | Input: %D365 Password% | Conditon:  | @29-Apr-2021 15:21:21.021
Using @relative_xpath [//input[@name='passwd']], Object 'LoginPage.txtbx_Password' Found in 20 ms
[DONE]   | Entered Text 'TKc287SeNK' on 'LoginPage.txtbx_Password'

===================================================================================================

Step:10  | Object: LoginPage.txtbx_Submit | Action: Click | Input:  | Conditon:  | @29-Apr-2021 15:21:21.021
Using @relative_xpath [//input[@type='submit']], Object 'LoginPage.txtbx_Submit' Found in 12 ms
[DONE]   | Clicking on LoginPage.txtbx_Submit

===================================================================================================

Step:11  | Object: Browser | Action: waitForPageLoaded | Input:  | Conditon:  | @29-Apr-2021 15:21:22.022
[DONE]   | Page load completed in stipulated time

===================================================================================================

Step:12  | Object: LoginPage.btn_YesStaySignedIN | Action: waitForElementToBeClickable | Input:  | Conditon:  | @29-Apr-2021 15:21:22.022
Using @relative_xpath [//input[@value='Yes']], Object 'LoginPage.btn_YesStaySignedIN' Found in 52 ms
[DONE]   | 'LoginPage.btn_YesStaySignedIN' Element becomes Clickable in stipulated time

===================================================================================================

Step:13  | Object: LoginPage.btn_YesStaySignedIN | Action: Click | Input:  | Conditon:  | @29-Apr-2021 15:21:23.023
Using @relative_xpath [//input[@value='Yes']], Object 'LoginPage.btn_YesStaySignedIN' Found in 12 ms
[DONE]   | Clicking on LoginPage.btn_YesStaySignedIN

===================================================================================================

Step:14  | Object: Browser | Action: waitForPageLoaded | Input:  | Conditon:  | @29-Apr-2021 15:21:23.023
2021-04-29 15:21:34:04S -0400 [OFF ] com.cognizant.cognizantits.engine.commands.WaitFor waitFor:null
org.openqa.selenium.TimeoutException: Expected condition failed: waiting for com.cognizant.cognizantits.engine.commands.WaitFor$1@1e81e3dd (tried for 10 second(s) with 500 milliseconds interval)
Build info: version: '3.141.59', revision: 'e82be7d358', time: '2018-11-14T08:17:03'
System info: host: 'DESKTOP-F6N48EA', ip: '192.168.2.30', os.name: 'Windows 10', os.arch: 'amd64', os.version: '10.0', java.version: '15.0.2'
Driver info: org.openqa.selenium.chrome.ChromeDriver
Capabilities {acceptInsecureCerts: false, browserName: chrome, browserVersion: 90.0.4430.93, chrome: {chromedriverVersion: 89.0.4389.23 (61b08ee2c5002..., userDataDir: C:\Users\ANKUR~1.KUM\AppDat...}, goog:chromeOptions: {debuggerAddress: localhost:57013}, javascriptEnabled: true, networkConnectionEnabled: false, pageLoadStrategy: normal, platform: WINDOWS, platformName: WINDOWS, proxy: Proxy(), setWindowRect: true, strictFileInteractability: false, timeouts: {implicit: 0, pageLoad: 300000, script: 30000}, unhandledPromptBehavior: dismiss and notify, webauthn:extension:largeBlob: true, webauthn:virtualAuthenticators: true}
Session ID: a47c8be54a062eed7b43ecbe6d9c3db8
	at org.openqa.selenium.support.ui.WebDriverWait.timeoutException(WebDriverWait.java:95)
	at org.openqa.selenium.support.ui.FluentWait.until(FluentWait.java:272)
	at com.cognizant.cognizantits.engine.commands.WaitFor.waitFor(WaitFor.java:285)
	at com.cognizant.cognizantits.engine.commands.WaitFor.waitFor(WaitFor.java:233)
	at com.cognizant.cognizantits.engine.commands.WaitFor.waitForPageLoaded(WaitFor.java:74)
	at com.cognizant.cognizantits.engine.support.reflect.MethodExecutor.executeMethod(MethodExecutor.java:39)
	at com.cognizant.cognizantits.engine.execution.run.TestStepRunner.executeAction(TestStepRunner.java:165)
	at com.cognizant.cognizantits.engine.execution.run.TestStepRunner.executeStep(TestStepRunner.java:161)
	at com.cognizant.cognizantits.engine.execution.run.TestStepRunner.executeStep(TestStepRunner.java:147)
	at com.cognizant.cognizantits.engine.execution.run.TestStepRunner.run(TestStepRunner.java:66)
	at com.cognizant.cognizantits.engine.execution.run.TestCaseRunner.runStep(TestCaseRunner.java:395)
	at com.cognizant.cognizantits.engine.execution.run.TestCaseRunner.run(TestCaseRunner.java:346)
	at com.cognizant.cognizantits.engine.execution.run.TestCaseRunner.run(TestCaseRunner.java:387)
	at com.cognizant.cognizantits.engine.execution.run.TestStepRunner.executeTestCase(TestStepRunner.java:137)
	at com.cognizant.cognizantits.engine.execution.run.TestStepRunner.execute(TestStepRunner.java:118)
	at com.cognizant.cognizantits.engine.execution.run.TestStepRunner.run(TestStepRunner.java:63)
	at com.cognizant.cognizantits.engine.execution.run.TestCaseRunner.runStep(TestCaseRunner.java:395)
	at com.cognizant.cognizantits.engine.execution.run.TestCaseRunner.run(TestCaseRunner.java:346)
	at com.cognizant.cognizantits.engine.core.Task.runIteration(Task.java:130)
	at com.cognizant.cognizantits.engine.core.Task.run(Task.java:85)
	at java.base/java.util.concurrent.ThreadPoolExecutor.runWorker(ThreadPoolExecutor.java:1130)
	at java.base/java.util.concurrent.ThreadPoolExecutor$Worker.run(ThreadPoolExecutor.java:630)
	at java.base/java.lang.Thread.run(Thread.java:832)

[DEBUG]   | Couldn't wait for action to complete in given time - 10 seconds

===================================================================================================

Step:15  | Object: HomePage.frame_IframeApps | Action: waitForFrameAndSwitch | Input:  | Conditon:  | @29-Apr-2021 15:21:34.034
2021-04-29 15:21:44:04S -0400 [OFF ] com.cognizant.cognizantits.engine.drivers.AutomationObject getElements:null
org.openqa.selenium.TimeoutException: Expected condition failed: waiting for com.cognizant.cognizantits.engine.drivers.AutomationObject$$Lambda$676/0x00000008011c60d0@67fb5f12 (tried for 10 second(s) with 500 milliseconds interval)
Build info: version: '3.141.59', revision: 'e82be7d358', time: '2018-11-14T08:17:03'
System info: host: 'DESKTOP-F6N48EA', ip: '192.168.2.30', os.name: 'Windows 10', os.arch: 'amd64', os.version: '10.0', java.version: '15.0.2'
Driver info: org.openqa.selenium.chrome.ChromeDriver
Capabilities {acceptInsecureCerts: false, browserName: chrome, browserVersion: 90.0.4430.93, chrome: {chromedriverVersion: 89.0.4389.23 (61b08ee2c5002..., userDataDir: C:\Users\ANKUR~1.KUM\AppDat...}, goog:chromeOptions: {debuggerAddress: localhost:57013}, javascriptEnabled: true, networkConnectionEnabled: false, pageLoadStrategy: normal, platform: WINDOWS, platformName: WINDOWS, proxy: Proxy(), setWindowRect: true, strictFileInteractability: false, timeouts: {implicit: 0, pageLoad: 300000, script: 30000}, unhandledPromptBehavior: dismiss and notify, webauthn:extension:largeBlob: true, webauthn:virtualAuthenticators: true}
Session ID: a47c8be54a062eed7b43ecbe6d9c3db8
	at org.openqa.selenium.support.ui.WebDriverWait.timeoutException(WebDriverWait.java:95)
	at org.openqa.selenium.support.ui.FluentWait.until(FluentWait.java:272)
	at com.cognizant.cognizantits.engine.drivers.AutomationObject.getElements(AutomationObject.java:303)
	at com.cognizant.cognizantits.engine.drivers.AutomationObject.getWElements(AutomationObject.java:255)
	at com.cognizant.cognizantits.engine.drivers.AutomationObject.findElements(AutomationObject.java:242)
	at com.cognizant.cognizantits.engine.drivers.AutomationObject.findElement(AutomationObject.java:118)
	at com.cognizant.cognizantits.engine.drivers.AutomationObject.findElement(AutomationObject.java:111)
	at com.cognizant.cognizantits.engine.core.CommandControl.sync(CommandControl.java:93)
	at com.cognizant.cognizantits.engine.core.CommandControl.sync(CommandControl.java:169)
	at com.cognizant.cognizantits.engine.execution.run.TestStepRunner.executeStep(TestStepRunner.java:160)
	at com.cognizant.cognizantits.engine.execution.run.TestStepRunner.executeStep(TestStepRunner.java:147)
	at com.cognizant.cognizantits.engine.execution.run.TestStepRunner.run(TestStepRunner.java:66)
	at com.cognizant.cognizantits.engine.execution.run.TestCaseRunner.runStep(TestCaseRunner.java:395)
	at com.cognizant.cognizantits.engine.execution.run.TestCaseRunner.run(TestCaseRunner.java:346)
	at com.cognizant.cognizantits.engine.execution.run.TestCaseRunner.run(TestCaseRunner.java:387)
	at com.cognizant.cognizantits.engine.execution.run.TestStepRunner.executeTestCase(TestStepRunner.java:137)
	at com.cognizant.cognizantits.engine.execution.run.TestStepRunner.execute(TestStepRunner.java:118)
	at com.cognizant.cognizantits.engine.execution.run.TestStepRunner.run(TestStepRunner.java:63)
	at com.cognizant.cognizantits.engine.execution.run.TestCaseRunner.runStep(TestCaseRunner.java:395)
	at com.cognizant.cognizantits.engine.execution.run.TestCaseRunner.run(TestCaseRunner.java:346)
	at com.cognizant.cognizantits.engine.core.Task.runIteration(Task.java:130)
	at com.cognizant.cognizantits.engine.core.Task.run(Task.java:85)
	at java.base/java.util.concurrent.ThreadPoolExecutor.runWorker(ThreadPoolExecutor.java:1130)
	at java.base/java.util.concurrent.ThreadPoolExecutor$Worker.run(ThreadPoolExecutor.java:630)
	at java.base/java.lang.Thread.run(Thread.java:832)

Couldn't find Object 'HomePage.frame_IframeApps' in stipulated Time '10' Seconds
2021-04-29 15:21:54:04S -0400 [OFF ] com.cognizant.cognizantits.engine.commands.WaitFor waitFor:null
org.openqa.selenium.TimeoutException: Expected condition failed: waiting for frame to be available:  (tried for 10 second(s) with 500 milliseconds interval)
	at org.openqa.selenium.support.ui.WebDriverWait.timeoutException(WebDriverWait.java:95)
	at org.openqa.selenium.support.ui.FluentWait.until(FluentWait.java:272)
	at com.cognizant.cognizantits.engine.commands.WaitFor.waitFor(WaitFor.java:294)
	at com.cognizant.cognizantits.engine.commands.WaitFor.waitFor(WaitFor.java:233)
	at com.cognizant.cognizantits.engine.commands.WaitFor.waitFor(WaitFor.java:226)
	at com.cognizant.cognizantits.engine.commands.WaitFor.waitForFrameAndSwitch(WaitFor.java:211)
	at com.cognizant.cognizantits.engine.support.reflect.MethodExecutor.executeMethod(MethodExecutor.java:39)
	at com.cognizant.cognizantits.engine.execution.run.TestStepRunner.executeAction(TestStepRunner.java:165)
	at com.cognizant.cognizantits.engine.execution.run.TestStepRunner.executeStep(TestStepRunner.java:161)
	at com.cognizant.cognizantits.engine.execution.run.TestStepRunner.executeStep(TestStepRunner.java:147)
	at com.cognizant.cognizantits.engine.execution.run.TestStepRunner.run(TestStepRunner.java:66)
	at com.cognizant.cognizantits.engine.execution.run.TestCaseRunner.runStep(TestCaseRunner.java:395)
	at com.cognizant.cognizantits.engine.execution.run.TestCaseRunner.run(TestCaseRunner.java:346)
	at com.cognizant.cognizantits.engine.execution.run.TestCaseRunner.run(TestCaseRunner.java:387)
	at com.cognizant.cognizantits.engine.execution.run.TestStepRunner.executeTestCase(TestStepRunner.java:137)
	at com.cognizant.cognizantits.engine.execution.run.TestStepRunner.execute(TestStepRunner.java:118)
	at com.cognizant.cognizantits.engine.execution.run.TestStepRunner.run(TestStepRunner.java:63)
	at com.cognizant.cognizantits.engine.execution.run.TestCaseRunner.runStep(TestCaseRunner.java:395)
	at com.cognizant.cognizantits.engine.execution.run.TestCaseRunner.run(TestCaseRunner.java:346)
	at com.cognizant.cognizantits.engine.core.Task.runIteration(Task.java:130)
	at com.cognizant.cognizantits.engine.core.Task.run(Task.java:85)
	at java.base/java.util.concurrent.ThreadPoolExecutor.runWorker(ThreadPoolExecutor.java:1130)
	at java.base/java.util.concurrent.ThreadPoolExecutor$Worker.run(ThreadPoolExecutor.java:630)
	at java.base/java.lang.Thread.run(Thread.java:832)
Caused by: org.openqa.selenium.InvalidSelectorException: invalid selector: An invalid or illegal selector was specified
  (Session info: headless chrome=90.0.4430.93)
For documentation on this error, please visit: https://www.seleniumhq.org/exceptions/invalid_selector_exception.html
Build info: version: '3.141.59', revision: 'e82be7d358', time: '2018-11-14T08:17:03'
System info: host: 'DESKTOP-F6N48EA', ip: '192.168.2.30', os.name: 'Windows 10', os.arch: 'amd64', os.version: '10.0', java.version: '15.0.2'
Driver info: org.openqa.selenium.chrome.ChromeDriver
Capabilities {acceptInsecureCerts: false, browserName: chrome, browserVersion: 90.0.4430.93, chrome: {chromedriverVersion: 89.0.4389.23 (61b08ee2c5002..., userDataDir: C:\Users\ANKUR~1.KUM\AppDat...}, goog:chromeOptions: {debuggerAddress: localhost:57013}, javascriptEnabled: true, networkConnectionEnabled: false, pageLoadStrategy: normal, platform: WINDOWS, platformName: WINDOWS, proxy: Proxy(), setWindowRect: true, strictFileInteractability: false, timeouts: {implicit: 0, pageLoad: 300000, script: 30000}, unhandledPromptBehavior: dismiss and notify, webauthn:extension:largeBlob: true, webauthn:virtualAuthenticators: true}
Session ID: a47c8be54a062eed7b43ecbe6d9c3db8
*** Element info: {Using=css selector, value=frame#,iframe#}
	at jdk.internal.reflect.GeneratedConstructorAccessor21.newInstance(Unknown Source)
	at java.base/jdk.internal.reflect.DelegatingConstructorAccessorImpl.newInstance(DelegatingConstructorAccessorImpl.java:45)
	at java.base/java.lang.reflect.Constructor.newInstanceWithCaller(Constructor.java:500)
	at java.base/java.lang.reflect.Constructor.newInstance(Constructor.java:481)
	at org.openqa.selenium.remote.http.W3CHttpResponseCodec.createException(W3CHttpResponseCodec.java:187)
	at org.openqa.selenium.remote.http.W3CHttpResponseCodec.decode(W3CHttpResponseCodec.java:122)
	at org.openqa.selenium.remote.http.W3CHttpResponseCodec.decode(W3CHttpResponseCodec.java:49)
	at org.openqa.selenium.remote.HttpCommandExecutor.execute(HttpCommandExecutor.java:158)
	at org.openqa.selenium.remote.service.DriverCommandExecutor.execute(DriverCommandExecutor.java:83)
	at org.openqa.selenium.remote.RemoteWebDriver.execute(RemoteWebDriver.java:552)
	at org.openqa.selenium.remote.RemoteWebDriver.findElements(RemoteWebDriver.java:353)
	at org.openqa.selenium.remote.RemoteWebDriver.findElementsByCssSelector(RemoteWebDriver.java:424)
	at org.openqa.selenium.By$ByCssSelector.findElements(By.java:441)
	at org.openqa.selenium.remote.RemoteWebDriver.findElements(RemoteWebDriver.java:311)
	at org.openqa.selenium.remote.RemoteWebDriver$RemoteTargetLocator.frame(RemoteWebDriver.java:881)
	at org.openqa.selenium.support.ui.ExpectedConditions$16.apply(ExpectedConditions.java:476)
	at org.openqa.selenium.support.ui.ExpectedConditions$16.apply(ExpectedConditions.java:472)
	at org.openqa.selenium.support.ui.FluentWait.until(FluentWait.java:249)
	... 22 more

[DEBUG]   | Couldn't wait for action to complete in given time - 10 seconds

===================================================================================================

Step:16  | Object: HomePage.lnk_SalesHub | Action: waitForElementToBeClickable | Input:  | Conditon:  | @29-Apr-2021 15:21:54.054
2021-04-29 15:22:04:04S -0400 [OFF ] com.cognizant.cognizantits.engine.drivers.AutomationObject getElements:null
org.openqa.selenium.TimeoutException: Expected condition failed: waiting for com.cognizant.cognizantits.engine.drivers.AutomationObject$$Lambda$676/0x00000008011c60d0@671b877b (tried for 10 second(s) with 500 milliseconds interval)
Build info: version: '3.141.59', revision: 'e82be7d358', time: '2018-11-14T08:17:03'
System info: host: 'DESKTOP-F6N48EA', ip: '192.168.2.30', os.name: 'Windows 10', os.arch: 'amd64', os.version: '10.0', java.version: '15.0.2'
Driver info: org.openqa.selenium.chrome.ChromeDriver
Capabilities {acceptInsecureCerts: false, browserName: chrome, browserVersion: 90.0.4430.93, chrome: {chromedriverVersion: 89.0.4389.23 (61b08ee2c5002..., userDataDir: C:\Users\ANKUR~1.KUM\AppDat...}, goog:chromeOptions: {debuggerAddress: localhost:57013}, javascriptEnabled: true, networkConnectionEnabled: false, pageLoadStrategy: normal, platform: WINDOWS, platformName: WINDOWS, proxy: Proxy(), setWindowRect: true, strictFileInteractability: false, timeouts: {implicit: 0, pageLoad: 300000, script: 30000}, unhandledPromptBehavior: dismiss and notify, webauthn:extension:largeBlob: true, webauthn:virtualAuthenticators: true}
Session ID: a47c8be54a062eed7b43ecbe6d9c3db8
	at org.openqa.selenium.support.ui.WebDriverWait.timeoutException(WebDriverWait.java:95)
	at org.openqa.selenium.support.ui.FluentWait.until(FluentWait.java:272)
	at com.cognizant.cognizantits.engine.drivers.AutomationObject.getElements(AutomationObject.java:303)
	at com.cognizant.cognizantits.engine.drivers.AutomationObject.getWElements(AutomationObject.java:255)
	at com.cognizant.cognizantits.engine.drivers.AutomationObject.findElements(AutomationObject.java:242)
	at com.cognizant.cognizantits.engine.drivers.AutomationObject.findElement(AutomationObject.java:118)
	at com.cognizant.cognizantits.engine.drivers.AutomationObject.findElement(AutomationObject.java:111)
	at com.cognizant.cognizantits.engine.core.CommandControl.sync(CommandControl.java:93)
	at com.cognizant.cognizantits.engine.core.CommandControl.sync(CommandControl.java:169)
	at com.cognizant.cognizantits.engine.execution.run.TestStepRunner.executeStep(TestStepRunner.java:160)
	at com.cognizant.cognizantits.engine.execution.run.TestStepRunner.executeStep(TestStepRunner.java:147)
	at com.cognizant.cognizantits.engine.execution.run.TestStepRunner.run(TestStepRunner.java:66)
	at com.cognizant.cognizantits.engine.execution.run.TestCaseRunner.runStep(TestCaseRunner.java:395)
	at com.cognizant.cognizantits.engine.execution.run.TestCaseRunner.run(TestCaseRunner.java:346)
	at com.cognizant.cognizantits.engine.execution.run.TestCaseRunner.run(TestCaseRunner.java:387)
	at com.cognizant.cognizantits.engine.execution.run.TestStepRunner.executeTestCase(TestStepRunner.java:137)
	at com.cognizant.cognizantits.engine.execution.run.TestStepRunner.execute(TestStepRunner.java:118)
	at com.cognizant.cognizantits.engine.execution.run.TestStepRunner.run(TestStepRunner.java:63)
	at com.cognizant.cognizantits.engine.execution.run.TestCaseRunner.runStep(TestCaseRunner.java:395)
	at com.cognizant.cognizantits.engine.execution.run.TestCaseRunner.run(TestCaseRunner.java:346)
	at com.cognizant.cognizantits.engine.core.Task.runIteration(Task.java:130)
	at com.cognizant.cognizantits.engine.core.Task.run(Task.java:85)
	at java.base/java.util.concurrent.ThreadPoolExecutor.runWorker(ThreadPoolExecutor.java:1130)
	at java.base/java.util.concurrent.ThreadPoolExecutor$Worker.run(ThreadPoolExecutor.java:630)
	at java.base/java.lang.Thread.run(Thread.java:832)

Couldn't find Object 'HomePage.lnk_SalesHub' in stipulated Time '10' Seconds
[FAIL]   | Seems Like the Element [] is Not Present/Found in the page Try Adding wait or heal it

===================================================================================================

[1619724135.158][SEVERE]: Timed out receiving message from renderer: 10.000
[1619724135.159][WARNING]: screenshot failed, retrying timeout: Timed out receiving message from renderer: 10.000
[1619724145.168][SEVERE]: Timed out receiving message from renderer: 10.000
[1619724155.183][SEVERE]: Timed out receiving message from renderer: 10.000
[1619724155.184][WARNING]: screenshot failed, retrying timeout: Timed out receiving message from renderer: 10.000
[1619724165.196][SEVERE]: Timed out receiving message from renderer: 10.000
[1619724175.202][SEVERE]: Timed out receiving message from renderer: 10.000
[1619724175.203][WARNING]: screenshot failed, retrying timeout: Timed out receiving message from renderer: 10.000
[1619724185.215][SEVERE]: Timed out receiving message from renderer: 10.000
2021-04-29 15:23:05:04S -0400 [SEVERE] com.cognizant.cognizantits.engine.reporting.util.ReportUtils takeScreenshot:null
java.lang.RuntimeException: Error making screenshot
	at com.cognizant.cognizantits.engine.drivers.SeleniumDriver.createNewScreenshot(SeleniumDriver.java:186)
	at com.cognizant.cognizantits.engine.drivers.SeleniumDriver.createScreenShot(SeleniumDriver.java:164)
	at com.cognizant.cognizantits.engine.reporting.util.ReportUtils.takeScreenshot(ReportUtils.java:86)
	at com.cognizant.cognizantits.engine.reporting.impl.html.HtmlTestCaseHandler.takeSSAndPutDetail(HtmlTestCaseHandler.java:288)
	at com.cognizant.cognizantits.engine.reporting.impl.html.HtmlTestCaseHandler.takeScreenShot(HtmlTestCaseHandler.java:249)
	at com.cognizant.cognizantits.engine.reporting.impl.html.HtmlTestCaseHandler.putStatus(HtmlTestCaseHandler.java:226)
	at com.cognizant.cognizantits.engine.reporting.impl.html.HtmlTestCaseHandler.updateTestLog(HtmlTestCaseHandler.java:115)
	at com.cognizant.cognizantits.engine.reporting.TestCaseReport.updateTestLog(TestCaseReport.java:134)
	at com.cognizant.cognizantits.engine.reporting.TestCaseReport.updateTestLog(TestCaseReport.java:105)
	at com.cognizant.cognizantits.engine.execution.run.TestCaseRunner.lambda$reportOnError$0(TestCaseRunner.java:327)
	at java.base/java.util.Optional.ifPresent(Optional.java:176)
	at com.cognizant.cognizantits.engine.execution.run.TestCaseRunner.reportOnError(TestCaseRunner.java:326)
	at com.cognizant.cognizantits.engine.execution.run.TestCaseRunner.onRuntimeException(TestCaseRunner.java:290)
	at com.cognizant.cognizantits.engine.execution.run.TestCaseRunner.run(TestCaseRunner.java:365)
	at com.cognizant.cognizantits.engine.execution.run.TestCaseRunner.run(TestCaseRunner.java:387)
	at com.cognizant.cognizantits.engine.execution.run.TestStepRunner.executeTestCase(TestStepRunner.java:137)
	at com.cognizant.cognizantits.engine.execution.run.TestStepRunner.execute(TestStepRunner.java:118)
	at com.cognizant.cognizantits.engine.execution.run.TestStepRunner.run(TestStepRunner.java:63)
	at com.cognizant.cognizantits.engine.execution.run.TestCaseRunner.runStep(TestCaseRunner.java:395)
	at com.cognizant.cognizantits.engine.execution.run.TestCaseRunner.run(TestCaseRunner.java:346)
	at com.cognizant.cognizantits.engine.core.Task.runIteration(Task.java:130)
	at com.cognizant.cognizantits.engine.core.Task.run(Task.java:85)
	at java.base/java.util.concurrent.ThreadPoolExecutor.runWorker(ThreadPoolExecutor.java:1130)
	at java.base/java.util.concurrent.ThreadPoolExecutor$Worker.run(ThreadPoolExecutor.java:630)
	at java.base/java.lang.Thread.run(Thread.java:832)
Caused by: org.openqa.selenium.TimeoutException: timeout: Timed out receiving message from renderer: 10.000
  (Session info: headless chrome=90.0.4430.93)
Build info: version: '3.141.59', revision: 'e82be7d358', time: '2018-11-14T08:17:03'
System info: host: 'DESKTOP-F6N48EA', ip: '192.168.2.30', os.name: 'Windows 10', os.arch: 'amd64', os.version: '10.0', java.version: '15.0.2'
Driver info: org.openqa.selenium.chrome.ChromeDriver
Capabilities {acceptInsecureCerts: false, browserName: chrome, browserVersion: 90.0.4430.93, chrome: {chromedriverVersion: 89.0.4389.23 (61b08ee2c5002..., userDataDir: C:\Users\ANKUR~1.KUM\AppDat...}, goog:chromeOptions: {debuggerAddress: localhost:57013}, javascriptEnabled: true, networkConnectionEnabled: false, pageLoadStrategy: normal, platform: WINDOWS, platformName: WINDOWS, proxy: Proxy(), setWindowRect: true, strictFileInteractability: false, timeouts: {implicit: 0, pageLoad: 300000, script: 30000}, unhandledPromptBehavior: dismiss and notify, webauthn:extension:largeBlob: true, webauthn:virtualAuthenticators: true}
Session ID: a47c8be54a062eed7b43ecbe6d9c3db8
	at java.base/jdk.internal.reflect.NativeConstructorAccessorImpl.newInstance0(Native Method)
	at java.base/jdk.internal.reflect.NativeConstructorAccessorImpl.newInstance(NativeConstructorAccessorImpl.java:64)
	at java.base/jdk.internal.reflect.DelegatingConstructorAccessorImpl.newInstance(DelegatingConstructorAccessorImpl.java:45)
	at java.base/java.lang.reflect.Constructor.newInstanceWithCaller(Constructor.java:500)
	at java.base/java.lang.reflect.Constructor.newInstance(Constructor.java:481)
	at org.openqa.selenium.remote.http.W3CHttpResponseCodec.createException(W3CHttpResponseCodec.java:187)
	at org.openqa.selenium.remote.http.W3CHttpResponseCodec.decode(W3CHttpResponseCodec.java:122)
	at org.openqa.selenium.remote.http.W3CHttpResponseCodec.decode(W3CHttpResponseCodec.java:49)
	at org.openqa.selenium.remote.HttpCommandExecutor.execute(HttpCommandExecutor.java:158)
	at org.openqa.selenium.remote.service.DriverCommandExecutor.execute(DriverCommandExecutor.java:83)
	at org.openqa.selenium.remote.RemoteWebDriver.execute(RemoteWebDriver.java:552)
	at org.openqa.selenium.remote.RemoteWebDriver.execute(RemoteWebDriver.java:609)
	at org.openqa.selenium.remote.RemoteWebDriver.getScreenshotAs(RemoteWebDriver.java:295)
	at com.galenframework.utils.GalenUtils.makeFullScreenshot(GalenUtils.java:113)
	at com.cognizant.cognizantits.engine.drivers.SeleniumDriver.getScreenShotFromGalen(SeleniumDriver.java:197)
	at com.cognizant.cognizantits.engine.drivers.SeleniumDriver.createNewScreenshot(SeleniumDriver.java:183)
	... 24 more

2021-04-29 15:23:05:04S -0400 [SEVERE] com.cognizant.cognizantits.engine.execution.run.TestCaseRunner onRuntimeException:Seems Like the Element [] is Not Present/Found in the page Try Adding wait or heal it
com.cognizant.cognizantits.engine.execution.exception.element.ElementException: Seems Like the Element [] is Not Present/Found in the page Try Adding wait or heal it
	at com.cognizant.cognizantits.engine.commands.WaitFor.waitForElement(WaitFor.java:221)
	at com.cognizant.cognizantits.engine.commands.WaitFor.waitForElementToBeClickable(WaitFor.java:101)
	at com.cognizant.cognizantits.engine.support.reflect.MethodExecutor.executeMethod(MethodExecutor.java:39)
	at com.cognizant.cognizantits.engine.execution.run.TestStepRunner.executeAction(TestStepRunner.java:165)
	at com.cognizant.cognizantits.engine.execution.run.TestStepRunner.executeStep(TestStepRunner.java:161)
	at com.cognizant.cognizantits.engine.execution.run.TestStepRunner.executeStep(TestStepRunner.java:147)
	at com.cognizant.cognizantits.engine.execution.run.TestStepRunner.run(TestStepRunner.java:66)
	at com.cognizant.cognizantits.engine.execution.run.TestCaseRunner.runStep(TestCaseRunner.java:395)
	at com.cognizant.cognizantits.engine.execution.run.TestCaseRunner.run(TestCaseRunner.java:346)
	at com.cognizant.cognizantits.engine.execution.run.TestCaseRunner.run(TestCaseRunner.java:387)
	at com.cognizant.cognizantits.engine.execution.run.TestStepRunner.executeTestCase(TestStepRunner.java:137)
	at com.cognizant.cognizantits.engine.execution.run.TestStepRunner.execute(TestStepRunner.java:118)
	at com.cognizant.cognizantits.engine.execution.run.TestStepRunner.run(TestStepRunner.java:63)
	at com.cognizant.cognizantits.engine.execution.run.TestCaseRunner.runStep(TestCaseRunner.java:395)
	at com.cognizant.cognizantits.engine.execution.run.TestCaseRunner.run(TestCaseRunner.java:346)
	at com.cognizant.cognizantits.engine.core.Task.runIteration(Task.java:130)
	at com.cognizant.cognizantits.engine.core.Task.run(Task.java:85)
	at java.base/java.util.concurrent.ThreadPoolExecutor.runWorker(ThreadPoolExecutor.java:1130)
	at java.base/java.util.concurrent.ThreadPoolExecutor$Worker.run(ThreadPoolExecutor.java:630)
	at java.base/java.lang.Thread.run(Thread.java:832)

Step:17  | Object: HomePage.lnk_SalesHub | Action: Click | Input:  | Conditon:  | @29-Apr-2021 15:23:05.005
2021-04-29 15:23:15:04S -0400 [OFF ] com.cognizant.cognizantits.engine.drivers.AutomationObject getElements:null
org.openqa.selenium.TimeoutException: Expected condition failed: waiting for com.cognizant.cognizantits.engine.drivers.AutomationObject$$Lambda$676/0x00000008011c60d0@2cb0d414 (tried for 10 second(s) with 500 milliseconds interval)
Build info: version: '3.141.59', revision: 'e82be7d358', time: '2018-11-14T08:17:03'
System info: host: 'DESKTOP-F6N48EA', ip: '192.168.2.30', os.name: 'Windows 10', os.arch: 'amd64', os.version: '10.0', java.version: '15.0.2'
Driver info: org.openqa.selenium.chrome.ChromeDriver
Capabilities {acceptInsecureCerts: false, browserName: chrome, browserVersion: 90.0.4430.93, chrome: {chromedriverVersion: 89.0.4389.23 (61b08ee2c5002..., userDataDir: C:\Users\ANKUR~1.KUM\AppDat...}, goog:chromeOptions: {debuggerAddress: localhost:57013}, javascriptEnabled: true, networkConnectionEnabled: false, pageLoadStrategy: normal, platform: WINDOWS, platformName: WINDOWS, proxy: Proxy(), setWindowRect: true, strictFileInteractability: false, timeouts: {implicit: 0, pageLoad: 300000, script: 30000}, unhandledPromptBehavior: dismiss and notify, webauthn:extension:largeBlob: true, webauthn:virtualAuthenticators: true}
Session ID: a47c8be54a062eed7b43ecbe6d9c3db8
	at org.openqa.selenium.support.ui.WebDriverWait.timeoutException(WebDriverWait.java:95)
	at org.openqa.selenium.support.ui.FluentWait.until(FluentWait.java:272)
	at com.cognizant.cognizantits.engine.drivers.AutomationObject.getElements(AutomationObject.java:303)
	at com.cognizant.cognizantits.engine.drivers.AutomationObject.getWElements(AutomationObject.java:255)
	at com.cognizant.cognizantits.engine.drivers.AutomationObject.findElements(AutomationObject.java:242)
	at com.cognizant.cognizantits.engine.drivers.AutomationObject.findElement(AutomationObject.java:118)
	at com.cognizant.cognizantits.engine.drivers.AutomationObject.findElement(AutomationObject.java:111)
	at com.cognizant.cognizantits.engine.core.CommandControl.sync(CommandControl.java:93)
	at com.cognizant.cognizantits.engine.core.CommandControl.sync(CommandControl.java:169)
	at com.cognizant.cognizantits.engine.execution.run.TestStepRunner.executeStep(TestStepRunner.java:160)
	at com.cognizant.cognizantits.engine.execution.run.TestStepRunner.executeStep(TestStepRunner.java:147)
	at com.cognizant.cognizantits.engine.execution.run.TestStepRunner.run(TestStepRunner.java:66)
	at com.cognizant.cognizantits.engine.execution.run.TestCaseRunner.runStep(TestCaseRunner.java:395)
	at com.cognizant.cognizantits.engine.execution.run.TestCaseRunner.run(TestCaseRunner.java:346)
	at com.cognizant.cognizantits.engine.execution.run.TestCaseRunner.run(TestCaseRunner.java:387)
	at com.cognizant.cognizantits.engine.execution.run.TestStepRunner.executeTestCase(TestStepRunner.java:137)
	at com.cognizant.cognizantits.engine.execution.run.TestStepRunner.execute(TestStepRunner.java:118)
	at com.cognizant.cognizantits.engine.execution.run.TestStepRunner.run(TestStepRunner.java:63)
	at com.cognizant.cognizantits.engine.execution.run.TestCaseRunner.runStep(TestCaseRunner.java:395)
	at com.cognizant.cognizantits.engine.execution.run.TestCaseRunner.run(TestCaseRunner.java:346)
	at com.cognizant.cognizantits.engine.core.Task.runIteration(Task.java:130)
	at com.cognizant.cognizantits.engine.core.Task.run(Task.java:85)
	at java.base/java.util.concurrent.ThreadPoolExecutor.runWorker(ThreadPoolExecutor.java:1130)
	at java.base/java.util.concurrent.ThreadPoolExecutor$Worker.run(ThreadPoolExecutor.java:630)
	at java.base/java.lang.Thread.run(Thread.java:832)

Couldn't find Object 'HomePage.lnk_SalesHub' in stipulated Time '10' Seconds
[FAIL]   | Seems Like the Element [HomePage.lnk_SalesHub] is Not Present/Found in the page Try Adding wait or heal it

===================================================================================================

2021-04-29 15:23:25:04S -0400 [SEVERE] com.cognizant.cognizantits.engine.execution.run.TestCaseRunner onRuntimeException:Seems Like the Element [HomePage.lnk_SalesHub] is Not Present/Found in the page Try Adding wait or heal it
com.cognizant.cognizantits.engine.execution.exception.element.ElementException: Seems Like the Element [HomePage.lnk_SalesHub] is Not Present/Found in the page Try Adding wait or heal it
	at com.cognizant.cognizantits.engine.commands.General.elementDisplayed(General.java:57)
	at com.cognizant.cognizantits.engine.commands.General.elementEnabled(General.java:63)
	at com.cognizant.cognizantits.engine.commands.Basic.Click(Basic.java:47)
	at com.cognizant.cognizantits.engine.support.reflect.MethodExecutor.executeMethod(MethodExecutor.java:39)
	at com.cognizant.cognizantits.engine.execution.run.TestStepRunner.executeAction(TestStepRunner.java:165)
	at com.cognizant.cognizantits.engine.execution.run.TestStepRunner.executeStep(TestStepRunner.java:161)
	at com.cognizant.cognizantits.engine.execution.run.TestStepRunner.executeStep(TestStepRunner.java:147)
	at com.cognizant.cognizantits.engine.execution.run.TestStepRunner.run(TestStepRunner.java:66)
	at com.cognizant.cognizantits.engine.execution.run.TestCaseRunner.runStep(TestCaseRunner.java:395)
	at com.cognizant.cognizantits.engine.execution.run.TestCaseRunner.run(TestCaseRunner.java:346)
	at com.cognizant.cognizantits.engine.execution.run.TestCaseRunner.run(TestCaseRunner.java:387)
	at com.cognizant.cognizantits.engine.execution.run.TestStepRunner.executeTestCase(TestStepRunner.java:137)
	at com.cognizant.cognizantits.engine.execution.run.TestStepRunner.execute(TestStepRunner.java:118)
	at com.cognizant.cognizantits.engine.execution.run.TestStepRunner.run(TestStepRunner.java:63)
	at com.cognizant.cognizantits.engine.execution.run.TestCaseRunner.runStep(TestCaseRunner.java:395)
	at com.cognizant.cognizantits.engine.execution.run.TestCaseRunner.run(TestCaseRunner.java:346)
	at com.cognizant.cognizantits.engine.core.Task.runIteration(Task.java:130)
	at com.cognizant.cognizantits.engine.core.Task.run(Task.java:85)
	at java.base/java.util.concurrent.ThreadPoolExecutor.runWorker(ThreadPoolExecutor.java:1130)
	at java.base/java.util.concurrent.ThreadPoolExecutor$Worker.run(ThreadPoolExecutor.java:630)
	at java.base/java.lang.Thread.run(Thread.java:832)

Step:18  | Object: Browser | Action: waitForPageLoaded | Input:  | Conditon:  | @29-Apr-2021 15:23:25.025
[DONE]   | Page load completed in stipulated time

===================================================================================================

Step:2   | Object: SalesHubPage.lnk_Contacts | Action: Click | Input:  | Conditon:  | @29-Apr-2021 15:23:25.025
2021-04-29 15:23:36:04S -0400 [OFF ] com.cognizant.cognizantits.engine.drivers.AutomationObject getElements:null
org.openqa.selenium.TimeoutException: Expected condition failed: waiting for com.cognizant.cognizantits.engine.drivers.AutomationObject$$Lambda$676/0x00000008011c60d0@36e801e0 (tried for 10 second(s) with 500 milliseconds interval)
Build info: version: '3.141.59', revision: 'e82be7d358', time: '2018-11-14T08:17:03'
System info: host: 'DESKTOP-F6N48EA', ip: '192.168.2.30', os.name: 'Windows 10', os.arch: 'amd64', os.version: '10.0', java.version: '15.0.2'
Driver info: org.openqa.selenium.chrome.ChromeDriver
Capabilities {acceptInsecureCerts: false, browserName: chrome, browserVersion: 90.0.4430.93, chrome: {chromedriverVersion: 89.0.4389.23 (61b08ee2c5002..., userDataDir: C:\Users\ANKUR~1.KUM\AppDat...}, goog:chromeOptions: {debuggerAddress: localhost:57013}, javascriptEnabled: true, networkConnectionEnabled: false, pageLoadStrategy: normal, platform: WINDOWS, platformName: WINDOWS, proxy: Proxy(), setWindowRect: true, strictFileInteractability: false, timeouts: {implicit: 0, pageLoad: 300000, script: 30000}, unhandledPromptBehavior: dismiss and notify, webauthn:extension:largeBlob: true, webauthn:virtualAuthenticators: true}
Session ID: a47c8be54a062eed7b43ecbe6d9c3db8
	at org.openqa.selenium.support.ui.WebDriverWait.timeoutException(WebDriverWait.java:95)
	at org.openqa.selenium.support.ui.FluentWait.until(FluentWait.java:272)
	at com.cognizant.cognizantits.engine.drivers.AutomationObject.getElements(AutomationObject.java:303)
	at com.cognizant.cognizantits.engine.drivers.AutomationObject.getWElements(AutomationObject.java:255)
	at com.cognizant.cognizantits.engine.drivers.AutomationObject.findElements(AutomationObject.java:242)
	at com.cognizant.cognizantits.engine.drivers.AutomationObject.findElement(AutomationObject.java:118)
	at com.cognizant.cognizantits.engine.drivers.AutomationObject.findElement(AutomationObject.java:111)
	at com.cognizant.cognizantits.engine.core.CommandControl.sync(CommandControl.java:93)
	at com.cognizant.cognizantits.engine.core.CommandControl.sync(CommandControl.java:169)
	at com.cognizant.cognizantits.engine.execution.run.TestStepRunner.executeStep(TestStepRunner.java:160)
	at com.cognizant.cognizantits.engine.execution.run.TestStepRunner.executeStep(TestStepRunner.java:147)
	at com.cognizant.cognizantits.engine.execution.run.TestStepRunner.run(TestStepRunner.java:66)
	at com.cognizant.cognizantits.engine.execution.run.TestCaseRunner.runStep(TestCaseRunner.java:395)
	at com.cognizant.cognizantits.engine.execution.run.TestCaseRunner.run(TestCaseRunner.java:346)
	at com.cognizant.cognizantits.engine.core.Task.runIteration(Task.java:130)
	at com.cognizant.cognizantits.engine.core.Task.run(Task.java:85)
	at java.base/java.util.concurrent.ThreadPoolExecutor.runWorker(ThreadPoolExecutor.java:1130)
	at java.base/java.util.concurrent.ThreadPoolExecutor$Worker.run(ThreadPoolExecutor.java:630)
	at java.base/java.lang.Thread.run(Thread.java:832)

Couldn't find Object 'SalesHubPage.lnk_Contacts' in stipulated Time '10' Seconds
[FAIL]   | Seems Like the Element [SalesHubPage.lnk_Contacts] is Not Present/Found in the page Try Adding wait or heal it

===================================================================================================

2021-04-29 15:23:37:04S -0400 [SEVERE] com.cognizant.cognizantits.engine.execution.run.TestCaseRunner onRuntimeException:Seems Like the Element [SalesHubPage.lnk_Contacts] is Not Present/Found in the page Try Adding wait or heal it
com.cognizant.cognizantits.engine.execution.exception.element.ElementException: Seems Like the Element [SalesHubPage.lnk_Contacts] is Not Present/Found in the page Try Adding wait or heal it
	at com.cognizant.cognizantits.engine.commands.General.elementDisplayed(General.java:57)
	at com.cognizant.cognizantits.engine.commands.General.elementEnabled(General.java:63)
	at com.cognizant.cognizantits.engine.commands.Basic.Click(Basic.java:47)
	at com.cognizant.cognizantits.engine.support.reflect.MethodExecutor.executeMethod(MethodExecutor.java:39)
	at com.cognizant.cognizantits.engine.execution.run.TestStepRunner.executeAction(TestStepRunner.java:165)
	at com.cognizant.cognizantits.engine.execution.run.TestStepRunner.executeStep(TestStepRunner.java:161)
	at com.cognizant.cognizantits.engine.execution.run.TestStepRunner.executeStep(TestStepRunner.java:147)
	at com.cognizant.cognizantits.engine.execution.run.TestStepRunner.run(TestStepRunner.java:66)
	at com.cognizant.cognizantits.engine.execution.run.TestCaseRunner.runStep(TestCaseRunner.java:395)
	at com.cognizant.cognizantits.engine.execution.run.TestCaseRunner.run(TestCaseRunner.java:346)
	at com.cognizant.cognizantits.engine.core.Task.runIteration(Task.java:130)
	at com.cognizant.cognizantits.engine.core.Task.run(Task.java:85)
	at java.base/java.util.concurrent.ThreadPoolExecutor.runWorker(ThreadPoolExecutor.java:1130)
	at java.base/java.util.concurrent.ThreadPoolExecutor$Worker.run(ThreadPoolExecutor.java:630)
	at java.base/java.lang.Thread.run(Thread.java:832)

Step:1   | Object: Browser | Action: waitForPageLoaded | Input:  | Conditon:  | @29-Apr-2021 15:23:37.037
[DONE]   | Page load completed in stipulated time

===================================================================================================

Step:4   | Object: ContactsPage.btn_New | Action: Click | Input:  | Conditon:  | @29-Apr-2021 15:23:37.037
2021-04-29 15:23:47:04S -0400 [OFF ] com.cognizant.cognizantits.engine.drivers.AutomationObject getElements:null
org.openqa.selenium.TimeoutException: Expected condition failed: waiting for com.cognizant.cognizantits.engine.drivers.AutomationObject$$Lambda$676/0x00000008011c60d0@274e1bc (tried for 10 second(s) with 500 milliseconds interval)
Build info: version: '3.141.59', revision: 'e82be7d358', time: '2018-11-14T08:17:03'
System info: host: 'DESKTOP-F6N48EA', ip: '192.168.2.30', os.name: 'Windows 10', os.arch: 'amd64', os.version: '10.0', java.version: '15.0.2'
Driver info: org.openqa.selenium.chrome.ChromeDriver
Capabilities {acceptInsecureCerts: false, browserName: chrome, browserVersion: 90.0.4430.93, chrome: {chromedriverVersion: 89.0.4389.23 (61b08ee2c5002..., userDataDir: C:\Users\ANKUR~1.KUM\AppDat...}, goog:chromeOptions: {debuggerAddress: localhost:57013}, javascriptEnabled: true, networkConnectionEnabled: false, pageLoadStrategy: normal, platform: WINDOWS, platformName: WINDOWS, proxy: Proxy(), setWindowRect: true, strictFileInteractability: false, timeouts: {implicit: 0, pageLoad: 300000, script: 30000}, unhandledPromptBehavior: dismiss and notify, webauthn:extension:largeBlob: true, webauthn:virtualAuthenticators: true}
Session ID: a47c8be54a062eed7b43ecbe6d9c3db8
	at org.openqa.selenium.support.ui.WebDriverWait.timeoutException(WebDriverWait.java:95)
	at org.openqa.selenium.support.ui.FluentWait.until(FluentWait.java:272)
	at com.cognizant.cognizantits.engine.drivers.AutomationObject.getElements(AutomationObject.java:303)
	at com.cognizant.cognizantits.engine.drivers.AutomationObject.getWElements(AutomationObject.java:255)
	at com.cognizant.cognizantits.engine.drivers.AutomationObject.findElements(AutomationObject.java:242)
	at com.cognizant.cognizantits.engine.drivers.AutomationObject.findElement(AutomationObject.java:118)
	at com.cognizant.cognizantits.engine.drivers.AutomationObject.findElement(AutomationObject.java:111)
	at com.cognizant.cognizantits.engine.core.CommandControl.sync(CommandControl.java:93)
	at com.cognizant.cognizantits.engine.core.CommandControl.sync(CommandControl.java:169)
	at com.cognizant.cognizantits.engine.execution.run.TestStepRunner.executeStep(TestStepRunner.java:160)
	at com.cognizant.cognizantits.engine.execution.run.TestStepRunner.executeStep(TestStepRunner.java:147)
	at com.cognizant.cognizantits.engine.execution.run.TestStepRunner.run(TestStepRunner.java:66)
	at com.cognizant.cognizantits.engine.execution.run.TestCaseRunner.runStep(TestCaseRunner.java:395)
	at com.cognizant.cognizantits.engine.execution.run.TestCaseRunner.run(TestCaseRunner.java:346)
	at com.cognizant.cognizantits.engine.core.Task.runIteration(Task.java:130)
	at com.cognizant.cognizantits.engine.core.Task.run(Task.java:85)
	at java.base/java.util.concurrent.ThreadPoolExecutor.runWorker(ThreadPoolExecutor.java:1130)
	at java.base/java.util.concurrent.ThreadPoolExecutor$Worker.run(ThreadPoolExecutor.java:630)
	at java.base/java.lang.Thread.run(Thread.java:832)

Couldn't find Object 'ContactsPage.btn_New' in stipulated Time '10' Seconds
[FAIL]   | Seems Like the Element [ContactsPage.btn_New] is Not Present/Found in the page Try Adding wait or heal it

===================================================================================================

2021-04-29 15:23:48:04S -0400 [SEVERE] com.cognizant.cognizantits.engine.execution.run.TestCaseRunner onRuntimeException:Seems Like the Element [ContactsPage.btn_New] is Not Present/Found in the page Try Adding wait or heal it
com.cognizant.cognizantits.engine.execution.exception.element.ElementException: Seems Like the Element [ContactsPage.btn_New] is Not Present/Found in the page Try Adding wait or heal it
	at com.cognizant.cognizantits.engine.commands.General.elementDisplayed(General.java:57)
	at com.cognizant.cognizantits.engine.commands.General.elementEnabled(General.java:63)
	at com.cognizant.cognizantits.engine.commands.Basic.Click(Basic.java:47)
	at com.cognizant.cognizantits.engine.support.reflect.MethodExecutor.executeMethod(MethodExecutor.java:39)
	at com.cognizant.cognizantits.engine.execution.run.TestStepRunner.executeAction(TestStepRunner.java:165)
	at com.cognizant.cognizantits.engine.execution.run.TestStepRunner.executeStep(TestStepRunner.java:161)
	at com.cognizant.cognizantits.engine.execution.run.TestStepRunner.executeStep(TestStepRunner.java:147)
	at com.cognizant.cognizantits.engine.execution.run.TestStepRunner.run(TestStepRunner.java:66)
	at com.cognizant.cognizantits.engine.execution.run.TestCaseRunner.runStep(TestCaseRunner.java:395)
	at com.cognizant.cognizantits.engine.execution.run.TestCaseRunner.run(TestCaseRunner.java:346)
	at com.cognizant.cognizantits.engine.core.Task.runIteration(Task.java:130)
	at com.cognizant.cognizantits.engine.core.Task.run(Task.java:85)
	at java.base/java.util.concurrent.ThreadPoolExecutor.runWorker(ThreadPoolExecutor.java:1130)
	at java.base/java.util.concurrent.ThreadPoolExecutor$Worker.run(ThreadPoolExecutor.java:630)
	at java.base/java.lang.Thread.run(Thread.java:832)

Step:1   | Object: Browser | Action: waitForPageLoaded | Input:  | Conditon:  | @29-Apr-2021 15:23:48.048
[DONE]   | Page load completed in stipulated time

===================================================================================================

Step:6   | Object: ContactsPage.tbx_Fname | Action: Click | Input:  | Conditon:  | @29-Apr-2021 15:23:48.048
2021-04-29 15:23:58:04S -0400 [OFF ] com.cognizant.cognizantits.engine.drivers.AutomationObject getElements:null
org.openqa.selenium.TimeoutException: Expected condition failed: waiting for com.cognizant.cognizantits.engine.drivers.AutomationObject$$Lambda$676/0x00000008011c60d0@12cc722d (tried for 10 second(s) with 500 milliseconds interval)
Build info: version: '3.141.59', revision: 'e82be7d358', time: '2018-11-14T08:17:03'
System info: host: 'DESKTOP-F6N48EA', ip: '192.168.2.30', os.name: 'Windows 10', os.arch: 'amd64', os.version: '10.0', java.version: '15.0.2'
Driver info: org.openqa.selenium.chrome.ChromeDriver
Capabilities {acceptInsecureCerts: false, browserName: chrome, browserVersion: 90.0.4430.93, chrome: {chromedriverVersion: 89.0.4389.23 (61b08ee2c5002..., userDataDir: C:\Users\ANKUR~1.KUM\AppDat...}, goog:chromeOptions: {debuggerAddress: localhost:57013}, javascriptEnabled: true, networkConnectionEnabled: false, pageLoadStrategy: normal, platform: WINDOWS, platformName: WINDOWS, proxy: Proxy(), setWindowRect: true, strictFileInteractability: false, timeouts: {implicit: 0, pageLoad: 300000, script: 30000}, unhandledPromptBehavior: dismiss and notify, webauthn:extension:largeBlob: true, webauthn:virtualAuthenticators: true}
Session ID: a47c8be54a062eed7b43ecbe6d9c3db8
	at org.openqa.selenium.support.ui.WebDriverWait.timeoutException(WebDriverWait.java:95)
	at org.openqa.selenium.support.ui.FluentWait.until(FluentWait.java:272)
	at com.cognizant.cognizantits.engine.drivers.AutomationObject.getElements(AutomationObject.java:303)
	at com.cognizant.cognizantits.engine.drivers.AutomationObject.getWElements(AutomationObject.java:255)
	at com.cognizant.cognizantits.engine.drivers.AutomationObject.findElements(AutomationObject.java:242)
	at com.cognizant.cognizantits.engine.drivers.AutomationObject.findElement(AutomationObject.java:118)
	at com.cognizant.cognizantits.engine.drivers.AutomationObject.findElement(AutomationObject.java:111)
	at com.cognizant.cognizantits.engine.core.CommandControl.sync(CommandControl.java:93)
	at com.cognizant.cognizantits.engine.core.CommandControl.sync(CommandControl.java:169)
	at com.cognizant.cognizantits.engine.execution.run.TestStepRunner.executeStep(TestStepRunner.java:160)
	at com.cognizant.cognizantits.engine.execution.run.TestStepRunner.executeStep(TestStepRunner.java:147)
	at com.cognizant.cognizantits.engine.execution.run.TestStepRunner.run(TestStepRunner.java:66)
	at com.cognizant.cognizantits.engine.execution.run.TestCaseRunner.runStep(TestCaseRunner.java:395)
	at com.cognizant.cognizantits.engine.execution.run.TestCaseRunner.run(TestCaseRunner.java:346)
	at com.cognizant.cognizantits.engine.core.Task.runIteration(Task.java:130)
	at com.cognizant.cognizantits.engine.core.Task.run(Task.java:85)
	at java.base/java.util.concurrent.ThreadPoolExecutor.runWorker(ThreadPoolExecutor.java:1130)
	at java.base/java.util.concurrent.ThreadPoolExecutor$Worker.run(ThreadPoolExecutor.java:630)
	at java.base/java.lang.Thread.run(Thread.java:832)

Couldn't find Object 'ContactsPage.tbx_Fname' in stipulated Time '10' Seconds
[FAIL]   | Seems Like the Element [ContactsPage.tbx_Fname] is Not Present/Found in the page Try Adding wait or heal it

===================================================================================================

2021-04-29 15:23:59:04S -0400 [SEVERE] com.cognizant.cognizantits.engine.execution.run.TestCaseRunner onRuntimeException:Seems Like the Element [ContactsPage.tbx_Fname] is Not Present/Found in the page Try Adding wait or heal it
com.cognizant.cognizantits.engine.execution.exception.element.ElementException: Seems Like the Element [ContactsPage.tbx_Fname] is Not Present/Found in the page Try Adding wait or heal it
	at com.cognizant.cognizantits.engine.commands.General.elementDisplayed(General.java:57)
	at com.cognizant.cognizantits.engine.commands.General.elementEnabled(General.java:63)
	at com.cognizant.cognizantits.engine.commands.Basic.Click(Basic.java:47)
	at com.cognizant.cognizantits.engine.support.reflect.MethodExecutor.executeMethod(MethodExecutor.java:39)
	at com.cognizant.cognizantits.engine.execution.run.TestStepRunner.executeAction(TestStepRunner.java:165)
	at com.cognizant.cognizantits.engine.execution.run.TestStepRunner.executeStep(TestStepRunner.java:161)
	at com.cognizant.cognizantits.engine.execution.run.TestStepRunner.executeStep(TestStepRunner.java:147)
	at com.cognizant.cognizantits.engine.execution.run.TestStepRunner.run(TestStepRunner.java:66)
	at com.cognizant.cognizantits.engine.execution.run.TestCaseRunner.runStep(TestCaseRunner.java:395)
	at com.cognizant.cognizantits.engine.execution.run.TestCaseRunner.run(TestCaseRunner.java:346)
	at com.cognizant.cognizantits.engine.core.Task.runIteration(Task.java:130)
	at com.cognizant.cognizantits.engine.core.Task.run(Task.java:85)
	at java.base/java.util.concurrent.ThreadPoolExecutor.runWorker(ThreadPoolExecutor.java:1130)
	at java.base/java.util.concurrent.ThreadPoolExecutor$Worker.run(ThreadPoolExecutor.java:630)
	at java.base/java.lang.Thread.run(Thread.java:832)

Step:7   | Object: ContactsPage.tbx_Fname | Action: clear | Input:  | Conditon:  | @29-Apr-2021 15:23:59.059
2021-04-29 15:24:09:04S -0400 [OFF ] com.cognizant.cognizantits.engine.drivers.AutomationObject getElements:null
org.openqa.selenium.TimeoutException: Expected condition failed: waiting for com.cognizant.cognizantits.engine.drivers.AutomationObject$$Lambda$676/0x00000008011c60d0@1309b6b3 (tried for 10 second(s) with 500 milliseconds interval)
Build info: version: '3.141.59', revision: 'e82be7d358', time: '2018-11-14T08:17:03'
System info: host: 'DESKTOP-F6N48EA', ip: '192.168.2.30', os.name: 'Windows 10', os.arch: 'amd64', os.version: '10.0', java.version: '15.0.2'
Driver info: org.openqa.selenium.chrome.ChromeDriver
Capabilities {acceptInsecureCerts: false, browserName: chrome, browserVersion: 90.0.4430.93, chrome: {chromedriverVersion: 89.0.4389.23 (61b08ee2c5002..., userDataDir: C:\Users\ANKUR~1.KUM\AppDat...}, goog:chromeOptions: {debuggerAddress: localhost:57013}, javascriptEnabled: true, networkConnectionEnabled: false, pageLoadStrategy: normal, platform: WINDOWS, platformName: WINDOWS, proxy: Proxy(), setWindowRect: true, strictFileInteractability: false, timeouts: {implicit: 0, pageLoad: 300000, script: 30000}, unhandledPromptBehavior: dismiss and notify, webauthn:extension:largeBlob: true, webauthn:virtualAuthenticators: true}
Session ID: a47c8be54a062eed7b43ecbe6d9c3db8
	at org.openqa.selenium.support.ui.WebDriverWait.timeoutException(WebDriverWait.java:95)
	at org.openqa.selenium.support.ui.FluentWait.until(FluentWait.java:272)
	at com.cognizant.cognizantits.engine.drivers.AutomationObject.getElements(AutomationObject.java:303)
	at com.cognizant.cognizantits.engine.drivers.AutomationObject.getWElements(AutomationObject.java:255)
	at com.cognizant.cognizantits.engine.drivers.AutomationObject.findElements(AutomationObject.java:242)
	at com.cognizant.cognizantits.engine.drivers.AutomationObject.findElement(AutomationObject.java:118)
	at com.cognizant.cognizantits.engine.drivers.AutomationObject.findElement(AutomationObject.java:111)
	at com.cognizant.cognizantits.engine.core.CommandControl.sync(CommandControl.java:93)
	at com.cognizant.cognizantits.engine.core.CommandControl.sync(CommandControl.java:169)
	at com.cognizant.cognizantits.engine.execution.run.TestStepRunner.executeStep(TestStepRunner.java:160)
	at com.cognizant.cognizantits.engine.execution.run.TestStepRunner.executeStep(TestStepRunner.java:147)
	at com.cognizant.cognizantits.engine.execution.run.TestStepRunner.run(TestStepRunner.java:66)
	at com.cognizant.cognizantits.engine.execution.run.TestCaseRunner.runStep(TestCaseRunner.java:395)
	at com.cognizant.cognizantits.engine.execution.run.TestCaseRunner.run(TestCaseRunner.java:346)
	at com.cognizant.cognizantits.engine.core.Task.runIteration(Task.java:130)
	at com.cognizant.cognizantits.engine.core.Task.run(Task.java:85)
	at java.base/java.util.concurrent.ThreadPoolExecutor.runWorker(ThreadPoolExecutor.java:1130)
	at java.base/java.util.concurrent.ThreadPoolExecutor$Worker.run(ThreadPoolExecutor.java:630)
	at java.base/java.lang.Thread.run(Thread.java:832)

Couldn't find Object 'ContactsPage.tbx_Fname' in stipulated Time '10' Seconds
[FAIL]   | Seems Like the Element [ContactsPage.tbx_Fname] is Not Present/Found in the page Try Adding wait or heal it

===================================================================================================

2021-04-29 15:24:09:04S -0400 [SEVERE] com.cognizant.cognizantits.engine.execution.run.TestCaseRunner onRuntimeException:Seems Like the Element [ContactsPage.tbx_Fname] is Not Present/Found in the page Try Adding wait or heal it
com.cognizant.cognizantits.engine.execution.exception.element.ElementException: Seems Like the Element [ContactsPage.tbx_Fname] is Not Present/Found in the page Try Adding wait or heal it
	at com.cognizant.cognizantits.engine.commands.General.elementDisplayed(General.java:57)
	at com.cognizant.cognizantits.engine.commands.General.elementEnabled(General.java:63)
	at com.cognizant.cognizantits.engine.commands.Basic.clear(Basic.java:137)
	at com.cognizant.cognizantits.engine.support.reflect.MethodExecutor.executeMethod(MethodExecutor.java:39)
	at com.cognizant.cognizantits.engine.execution.run.TestStepRunner.executeAction(TestStepRunner.java:165)
	at com.cognizant.cognizantits.engine.execution.run.TestStepRunner.executeStep(TestStepRunner.java:161)
	at com.cognizant.cognizantits.engine.execution.run.TestStepRunner.executeStep(TestStepRunner.java:147)
	at com.cognizant.cognizantits.engine.execution.run.TestStepRunner.run(TestStepRunner.java:66)
	at com.cognizant.cognizantits.engine.execution.run.TestCaseRunner.runStep(TestCaseRunner.java:395)
	at com.cognizant.cognizantits.engine.execution.run.TestCaseRunner.run(TestCaseRunner.java:346)
	at com.cognizant.cognizantits.engine.core.Task.runIteration(Task.java:130)
	at com.cognizant.cognizantits.engine.core.Task.run(Task.java:85)
	at java.base/java.util.concurrent.ThreadPoolExecutor.runWorker(ThreadPoolExecutor.java:1130)
	at java.base/java.util.concurrent.ThreadPoolExecutor$Worker.run(ThreadPoolExecutor.java:630)
	at java.base/java.lang.Thread.run(Thread.java:832)

Step:8   | Object: ContactsPage.tbx_Fname | Action: Set | Input: TestData0:Fname | Conditon:  | @29-Apr-2021 15:24:09.009
2021-04-29 15:24:09:04S -0400 [SEVERE] com.cognizant.cognizantits.engine.util.data.fx.FParser getJSEngine:Cannot invoke "javax.script.ScriptEngine.eval(String)" because "js" is null
java.lang.NullPointerException: Cannot invoke "javax.script.ScriptEngine.eval(String)" because "js" is null
	at com.cognizant.cognizantits.engine.util.data.fx.FParser.getJSEngine(FParser.java:97)
	at com.cognizant.cognizantits.engine.util.data.fx.FParser.init(FParser.java:82)
	at com.cognizant.cognizantits.engine.util.data.fx.FParser.<clinit>(FParser.java:41)
	at com.cognizant.cognizantits.engine.execution.data.DataProcessor.resolveIn(DataProcessor.java:73)
	at com.cognizant.cognizantits.engine.execution.data.DataProcessor.resolve(DataProcessor.java:97)
	at com.cognizant.cognizantits.engine.execution.data.DataAccess.getData(DataAccess.java:73)
	at com.cognizant.cognizantits.engine.execution.data.DataProcessor.resolve(DataProcessor.java:64)
	at com.cognizant.cognizantits.engine.core.CommandControl.sync(CommandControl.java:168)
	at com.cognizant.cognizantits.engine.execution.run.TestStepRunner.executeStep(TestStepRunner.java:160)
	at com.cognizant.cognizantits.engine.execution.run.TestStepRunner.executeStep(TestStepRunner.java:147)
	at com.cognizant.cognizantits.engine.execution.run.TestStepRunner.run(TestStepRunner.java:66)
	at com.cognizant.cognizantits.engine.execution.run.TestCaseRunner.runStep(TestCaseRunner.java:395)
	at com.cognizant.cognizantits.engine.execution.run.TestCaseRunner.run(TestCaseRunner.java:346)
	at com.cognizant.cognizantits.engine.core.Task.runIteration(Task.java:130)
	at com.cognizant.cognizantits.engine.core.Task.run(Task.java:85)
	at java.base/java.util.concurrent.ThreadPoolExecutor.runWorker(ThreadPoolExecutor.java:1130)
	at java.base/java.util.concurrent.ThreadPoolExecutor$Worker.run(ThreadPoolExecutor.java:630)
	at java.base/java.lang.Thread.run(Thread.java:832)

2021-04-29 15:24:20:04S -0400 [OFF ] com.cognizant.cognizantits.engine.drivers.AutomationObject getElements:null
org.openqa.selenium.TimeoutException: Expected condition failed: waiting for com.cognizant.cognizantits.engine.drivers.AutomationObject$$Lambda$676/0x00000008011c60d0@67054daf (tried for 10 second(s) with 500 milliseconds interval)
Build info: version: '3.141.59', revision: 'e82be7d358', time: '2018-11-14T08:17:03'
System info: host: 'DESKTOP-F6N48EA', ip: '192.168.2.30', os.name: 'Windows 10', os.arch: 'amd64', os.version: '10.0', java.version: '15.0.2'
Driver info: org.openqa.selenium.chrome.ChromeDriver
Capabilities {acceptInsecureCerts: false, browserName: chrome, browserVersion: 90.0.4430.93, chrome: {chromedriverVersion: 89.0.4389.23 (61b08ee2c5002..., userDataDir: C:\Users\ANKUR~1.KUM\AppDat...}, goog:chromeOptions: {debuggerAddress: localhost:57013}, javascriptEnabled: true, networkConnectionEnabled: false, pageLoadStrategy: normal, platform: WINDOWS, platformName: WINDOWS, proxy: Proxy(), setWindowRect: true, strictFileInteractability: false, timeouts: {implicit: 0, pageLoad: 300000, script: 30000}, unhandledPromptBehavior: dismiss and notify, webauthn:extension:largeBlob: true, webauthn:virtualAuthenticators: true}
Session ID: a47c8be54a062eed7b43ecbe6d9c3db8
	at org.openqa.selenium.support.ui.WebDriverWait.timeoutException(WebDriverWait.java:95)
	at org.openqa.selenium.support.ui.FluentWait.until(FluentWait.java:272)
	at com.cognizant.cognizantits.engine.drivers.AutomationObject.getElements(AutomationObject.java:303)
	at com.cognizant.cognizantits.engine.drivers.AutomationObject.getWElements(AutomationObject.java:255)
	at com.cognizant.cognizantits.engine.drivers.AutomationObject.findElements(AutomationObject.java:242)
	at com.cognizant.cognizantits.engine.drivers.AutomationObject.findElement(AutomationObject.java:118)
	at com.cognizant.cognizantits.engine.drivers.AutomationObject.findElement(AutomationObject.java:111)
	at com.cognizant.cognizantits.engine.core.CommandControl.sync(CommandControl.java:93)
	at com.cognizant.cognizantits.engine.core.CommandControl.sync(CommandControl.java:169)
	at com.cognizant.cognizantits.engine.execution.run.TestStepRunner.executeStep(TestStepRunner.java:160)
	at com.cognizant.cognizantits.engine.execution.run.TestStepRunner.executeStep(TestStepRunner.java:147)
	at com.cognizant.cognizantits.engine.execution.run.TestStepRunner.run(TestStepRunner.java:66)
	at com.cognizant.cognizantits.engine.execution.run.TestCaseRunner.runStep(TestCaseRunner.java:395)
	at com.cognizant.cognizantits.engine.execution.run.TestCaseRunner.run(TestCaseRunner.java:346)
	at com.cognizant.cognizantits.engine.core.Task.runIteration(Task.java:130)
	at com.cognizant.cognizantits.engine.core.Task.run(Task.java:85)
	at java.base/java.util.concurrent.ThreadPoolExecutor.runWorker(ThreadPoolExecutor.java:1130)
	at java.base/java.util.concurrent.ThreadPoolExecutor$Worker.run(ThreadPoolExecutor.java:630)
	at java.base/java.lang.Thread.run(Thread.java:832)

Couldn't find Object 'ContactsPage.tbx_Fname' in stipulated Time '10' Seconds
[FAIL]   | Seems Like the Element [ContactsPage.tbx_Fname] is Not Present/Found in the page Try Adding wait or heal it

===================================================================================================

2021-04-29 15:24:20:04S -0400 [SEVERE] com.cognizant.cognizantits.engine.execution.run.TestCaseRunner onRuntimeException:Seems Like the Element [ContactsPage.tbx_Fname] is Not Present/Found in the page Try Adding wait or heal it
com.cognizant.cognizantits.engine.execution.exception.element.ElementException: Seems Like the Element [ContactsPage.tbx_Fname] is Not Present/Found in the page Try Adding wait or heal it
	at com.cognizant.cognizantits.engine.commands.General.elementDisplayed(General.java:57)
	at com.cognizant.cognizantits.engine.commands.General.elementEnabled(General.java:63)
	at com.cognizant.cognizantits.engine.commands.Basic.Set(Basic.java:99)
	at com.cognizant.cognizantits.engine.support.reflect.MethodExecutor.executeMethod(MethodExecutor.java:39)
	at com.cognizant.cognizantits.engine.execution.run.TestStepRunner.executeAction(TestStepRunner.java:165)
	at com.cognizant.cognizantits.engine.execution.run.TestStepRunner.executeStep(TestStepRunner.java:161)
	at com.cognizant.cognizantits.engine.execution.run.TestStepRunner.executeStep(TestStepRunner.java:147)
	at com.cognizant.cognizantits.engine.execution.run.TestStepRunner.run(TestStepRunner.java:66)
	at com.cognizant.cognizantits.engine.execution.run.TestCaseRunner.runStep(TestCaseRunner.java:395)
	at com.cognizant.cognizantits.engine.execution.run.TestCaseRunner.run(TestCaseRunner.java:346)
	at com.cognizant.cognizantits.engine.core.Task.runIteration(Task.java:130)
	at com.cognizant.cognizantits.engine.core.Task.run(Task.java:85)
	at java.base/java.util.concurrent.ThreadPoolExecutor.runWorker(ThreadPoolExecutor.java:1130)
	at java.base/java.util.concurrent.ThreadPoolExecutor$Worker.run(ThreadPoolExecutor.java:630)
	at java.base/java.lang.Thread.run(Thread.java:832)

Step:9   | Object: ContactsPage.tbx_Lname | Action: Click | Input:  | Conditon:  | @29-Apr-2021 15:24:20.020
2021-04-29 15:24:30:04S -0400 [OFF ] com.cognizant.cognizantits.engine.drivers.AutomationObject getElements:null
org.openqa.selenium.TimeoutException: Expected condition failed: waiting for com.cognizant.cognizantits.engine.drivers.AutomationObject$$Lambda$676/0x00000008011c60d0@61c8eb05 (tried for 10 second(s) with 500 milliseconds interval)
Build info: version: '3.141.59', revision: 'e82be7d358', time: '2018-11-14T08:17:03'
System info: host: 'DESKTOP-F6N48EA', ip: '192.168.2.30', os.name: 'Windows 10', os.arch: 'amd64', os.version: '10.0', java.version: '15.0.2'
Driver info: org.openqa.selenium.chrome.ChromeDriver
Capabilities {acceptInsecureCerts: false, browserName: chrome, browserVersion: 90.0.4430.93, chrome: {chromedriverVersion: 89.0.4389.23 (61b08ee2c5002..., userDataDir: C:\Users\ANKUR~1.KUM\AppDat...}, goog:chromeOptions: {debuggerAddress: localhost:57013}, javascriptEnabled: true, networkConnectionEnabled: false, pageLoadStrategy: normal, platform: WINDOWS, platformName: WINDOWS, proxy: Proxy(), setWindowRect: true, strictFileInteractability: false, timeouts: {implicit: 0, pageLoad: 300000, script: 30000}, unhandledPromptBehavior: dismiss and notify, webauthn:extension:largeBlob: true, webauthn:virtualAuthenticators: true}
Session ID: a47c8be54a062eed7b43ecbe6d9c3db8
	at org.openqa.selenium.support.ui.WebDriverWait.timeoutException(WebDriverWait.java:95)
	at org.openqa.selenium.support.ui.FluentWait.until(FluentWait.java:272)
	at com.cognizant.cognizantits.engine.drivers.AutomationObject.getElements(AutomationObject.java:303)
	at com.cognizant.cognizantits.engine.drivers.AutomationObject.getWElements(AutomationObject.java:255)
	at com.cognizant.cognizantits.engine.drivers.AutomationObject.findElements(AutomationObject.java:242)
	at com.cognizant.cognizantits.engine.drivers.AutomationObject.findElement(AutomationObject.java:118)
	at com.cognizant.cognizantits.engine.drivers.AutomationObject.findElement(AutomationObject.java:111)
	at com.cognizant.cognizantits.engine.core.CommandControl.sync(CommandControl.java:93)
	at com.cognizant.cognizantits.engine.core.CommandControl.sync(CommandControl.java:169)
	at com.cognizant.cognizantits.engine.execution.run.TestStepRunner.executeStep(TestStepRunner.java:160)
	at com.cognizant.cognizantits.engine.execution.run.TestStepRunner.executeStep(TestStepRunner.java:147)
	at com.cognizant.cognizantits.engine.execution.run.TestStepRunner.run(TestStepRunner.java:66)
	at com.cognizant.cognizantits.engine.execution.run.TestCaseRunner.runStep(TestCaseRunner.java:395)
	at com.cognizant.cognizantits.engine.execution.run.TestCaseRunner.run(TestCaseRunner.java:346)
	at com.cognizant.cognizantits.engine.core.Task.runIteration(Task.java:130)
	at com.cognizant.cognizantits.engine.core.Task.run(Task.java:85)
	at java.base/java.util.concurrent.ThreadPoolExecutor.runWorker(ThreadPoolExecutor.java:1130)
	at java.base/java.util.concurrent.ThreadPoolExecutor$Worker.run(ThreadPoolExecutor.java:630)
	at java.base/java.lang.Thread.run(Thread.java:832)

Couldn't find Object 'ContactsPage.tbx_Lname' in stipulated Time '10' Seconds
[FAIL]   | Seems Like the Element [ContactsPage.tbx_Lname] is Not Present/Found in the page Try Adding wait or heal it

===================================================================================================

2021-04-29 15:24:31:04S -0400 [SEVERE] com.cognizant.cognizantits.engine.execution.run.TestCaseRunner onRuntimeException:Seems Like the Element [ContactsPage.tbx_Lname] is Not Present/Found in the page Try Adding wait or heal it
com.cognizant.cognizantits.engine.execution.exception.element.ElementException: Seems Like the Element [ContactsPage.tbx_Lname] is Not Present/Found in the page Try Adding wait or heal it
	at com.cognizant.cognizantits.engine.commands.General.elementDisplayed(General.java:57)
	at com.cognizant.cognizantits.engine.commands.General.elementEnabled(General.java:63)
	at com.cognizant.cognizantits.engine.commands.Basic.Click(Basic.java:47)
	at com.cognizant.cognizantits.engine.support.reflect.MethodExecutor.executeMethod(MethodExecutor.java:39)
	at com.cognizant.cognizantits.engine.execution.run.TestStepRunner.executeAction(TestStepRunner.java:165)
	at com.cognizant.cognizantits.engine.execution.run.TestStepRunner.executeStep(TestStepRunner.java:161)
	at com.cognizant.cognizantits.engine.execution.run.TestStepRunner.executeStep(TestStepRunner.java:147)
	at com.cognizant.cognizantits.engine.execution.run.TestStepRunner.run(TestStepRunner.java:66)
	at com.cognizant.cognizantits.engine.execution.run.TestCaseRunner.runStep(TestCaseRunner.java:395)
	at com.cognizant.cognizantits.engine.execution.run.TestCaseRunner.run(TestCaseRunner.java:346)
	at com.cognizant.cognizantits.engine.core.Task.runIteration(Task.java:130)
	at com.cognizant.cognizantits.engine.core.Task.run(Task.java:85)
	at java.base/java.util.concurrent.ThreadPoolExecutor.runWorker(ThreadPoolExecutor.java:1130)
	at java.base/java.util.concurrent.ThreadPoolExecutor$Worker.run(ThreadPoolExecutor.java:630)
	at java.base/java.lang.Thread.run(Thread.java:832)

Step:10  | Object: ContactsPage.tbx_Lname | Action: clear | Input:  | Conditon:  | @29-Apr-2021 15:24:31.031
2021-04-29 15:24:41:04S -0400 [OFF ] com.cognizant.cognizantits.engine.drivers.AutomationObject getElements:null
org.openqa.selenium.TimeoutException: Expected condition failed: waiting for com.cognizant.cognizantits.engine.drivers.AutomationObject$$Lambda$676/0x00000008011c60d0@667ce2ca (tried for 10 second(s) with 500 milliseconds interval)
Build info: version: '3.141.59', revision: 'e82be7d358', time: '2018-11-14T08:17:03'
System info: host: 'DESKTOP-F6N48EA', ip: '192.168.2.30', os.name: 'Windows 10', os.arch: 'amd64', os.version: '10.0', java.version: '15.0.2'
Driver info: org.openqa.selenium.chrome.ChromeDriver
Capabilities {acceptInsecureCerts: false, browserName: chrome, browserVersion: 90.0.4430.93, chrome: {chromedriverVersion: 89.0.4389.23 (61b08ee2c5002..., userDataDir: C:\Users\ANKUR~1.KUM\AppDat...}, goog:chromeOptions: {debuggerAddress: localhost:57013}, javascriptEnabled: true, networkConnectionEnabled: false, pageLoadStrategy: normal, platform: WINDOWS, platformName: WINDOWS, proxy: Proxy(), setWindowRect: true, strictFileInteractability: false, timeouts: {implicit: 0, pageLoad: 300000, script: 30000}, unhandledPromptBehavior: dismiss and notify, webauthn:extension:largeBlob: true, webauthn:virtualAuthenticators: true}
Session ID: a47c8be54a062eed7b43ecbe6d9c3db8
	at org.openqa.selenium.support.ui.WebDriverWait.timeoutException(WebDriverWait.java:95)
	at org.openqa.selenium.support.ui.FluentWait.until(FluentWait.java:272)
	at com.cognizant.cognizantits.engine.drivers.AutomationObject.getElements(AutomationObject.java:303)
	at com.cognizant.cognizantits.engine.drivers.AutomationObject.getWElements(AutomationObject.java:255)
	at com.cognizant.cognizantits.engine.drivers.AutomationObject.findElements(AutomationObject.java:242)
	at com.cognizant.cognizantits.engine.drivers.AutomationObject.findElement(AutomationObject.java:118)
	at com.cognizant.cognizantits.engine.drivers.AutomationObject.findElement(AutomationObject.java:111)
	at com.cognizant.cognizantits.engine.core.CommandControl.sync(CommandControl.java:93)
	at com.cognizant.cognizantits.engine.core.CommandControl.sync(CommandControl.java:169)
	at com.cognizant.cognizantits.engine.execution.run.TestStepRunner.executeStep(TestStepRunner.java:160)
	at com.cognizant.cognizantits.engine.execution.run.TestStepRunner.executeStep(TestStepRunner.java:147)
	at com.cognizant.cognizantits.engine.execution.run.TestStepRunner.run(TestStepRunner.java:66)
	at com.cognizant.cognizantits.engine.execution.run.TestCaseRunner.runStep(TestCaseRunner.java:395)
	at com.cognizant.cognizantits.engine.execution.run.TestCaseRunner.run(TestCaseRunner.java:346)
	at com.cognizant.cognizantits.engine.core.Task.runIteration(Task.java:130)
	at com.cognizant.cognizantits.engine.core.Task.run(Task.java:85)
	at java.base/java.util.concurrent.ThreadPoolExecutor.runWorker(ThreadPoolExecutor.java:1130)
	at java.base/java.util.concurrent.ThreadPoolExecutor$Worker.run(ThreadPoolExecutor.java:630)
	at java.base/java.lang.Thread.run(Thread.java:832)

Couldn't find Object 'ContactsPage.tbx_Lname' in stipulated Time '10' Seconds
[FAIL]   | Seems Like the Element [ContactsPage.tbx_Lname] is Not Present/Found in the page Try Adding wait or heal it

===================================================================================================

2021-04-29 15:24:42:04S -0400 [SEVERE] com.cognizant.cognizantits.engine.execution.run.TestCaseRunner onRuntimeException:Seems Like the Element [ContactsPage.tbx_Lname] is Not Present/Found in the page Try Adding wait or heal it
com.cognizant.cognizantits.engine.execution.exception.element.ElementException: Seems Like the Element [ContactsPage.tbx_Lname] is Not Present/Found in the page Try Adding wait or heal it
	at com.cognizant.cognizantits.engine.commands.General.elementDisplayed(General.java:57)
	at com.cognizant.cognizantits.engine.commands.General.elementEnabled(General.java:63)
	at com.cognizant.cognizantits.engine.commands.Basic.clear(Basic.java:137)
	at com.cognizant.cognizantits.engine.support.reflect.MethodExecutor.executeMethod(MethodExecutor.java:39)
	at com.cognizant.cognizantits.engine.execution.run.TestStepRunner.executeAction(TestStepRunner.java:165)
	at com.cognizant.cognizantits.engine.execution.run.TestStepRunner.executeStep(TestStepRunner.java:161)
	at com.cognizant.cognizantits.engine.execution.run.TestStepRunner.executeStep(TestStepRunner.java:147)
	at com.cognizant.cognizantits.engine.execution.run.TestStepRunner.run(TestStepRunner.java:66)
	at com.cognizant.cognizantits.engine.execution.run.TestCaseRunner.runStep(TestCaseRunner.java:395)
	at com.cognizant.cognizantits.engine.execution.run.TestCaseRunner.run(TestCaseRunner.java:346)
	at com.cognizant.cognizantits.engine.core.Task.runIteration(Task.java:130)
	at com.cognizant.cognizantits.engine.core.Task.run(Task.java:85)
	at java.base/java.util.concurrent.ThreadPoolExecutor.runWorker(ThreadPoolExecutor.java:1130)
	at java.base/java.util.concurrent.ThreadPoolExecutor$Worker.run(ThreadPoolExecutor.java:630)
	at java.base/java.lang.Thread.run(Thread.java:832)

Step:11  | Object: ContactsPage.tbx_Lname | Action: Set | Input: TestData0:Lname | Conditon:  | @29-Apr-2021 15:24:42.042
2021-04-29 15:24:52:04S -0400 [OFF ] com.cognizant.cognizantits.engine.drivers.AutomationObject getElements:null
org.openqa.selenium.TimeoutException: Expected condition failed: waiting for com.cognizant.cognizantits.engine.drivers.AutomationObject$$Lambda$676/0x00000008011c60d0@4534c097 (tried for 10 second(s) with 500 milliseconds interval)
Build info: version: '3.141.59', revision: 'e82be7d358', time: '2018-11-14T08:17:03'
System info: host: 'DESKTOP-F6N48EA', ip: '192.168.2.30', os.name: 'Windows 10', os.arch: 'amd64', os.version: '10.0', java.version: '15.0.2'
Driver info: org.openqa.selenium.chrome.ChromeDriver
Capabilities {acceptInsecureCerts: false, browserName: chrome, browserVersion: 90.0.4430.93, chrome: {chromedriverVersion: 89.0.4389.23 (61b08ee2c5002..., userDataDir: C:\Users\ANKUR~1.KUM\AppDat...}, goog:chromeOptions: {debuggerAddress: localhost:57013}, javascriptEnabled: true, networkConnectionEnabled: false, pageLoadStrategy: normal, platform: WINDOWS, platformName: WINDOWS, proxy: Proxy(), setWindowRect: true, strictFileInteractability: false, timeouts: {implicit: 0, pageLoad: 300000, script: 30000}, unhandledPromptBehavior: dismiss and notify, webauthn:extension:largeBlob: true, webauthn:virtualAuthenticators: true}
Session ID: a47c8be54a062eed7b43ecbe6d9c3db8
	at org.openqa.selenium.support.ui.WebDriverWait.timeoutException(WebDriverWait.java:95)
	at org.openqa.selenium.support.ui.FluentWait.until(FluentWait.java:272)
	at com.cognizant.cognizantits.engine.drivers.AutomationObject.getElements(AutomationObject.java:303)
	at com.cognizant.cognizantits.engine.drivers.AutomationObject.getWElements(AutomationObject.java:255)
	at com.cognizant.cognizantits.engine.drivers.AutomationObject.findElements(AutomationObject.java:242)
	at com.cognizant.cognizantits.engine.drivers.AutomationObject.findElement(AutomationObject.java:118)
	at com.cognizant.cognizantits.engine.drivers.AutomationObject.findElement(AutomationObject.java:111)
	at com.cognizant.cognizantits.engine.core.CommandControl.sync(CommandControl.java:93)
	at com.cognizant.cognizantits.engine.core.CommandControl.sync(CommandControl.java:169)
	at com.cognizant.cognizantits.engine.execution.run.TestStepRunner.executeStep(TestStepRunner.java:160)
	at com.cognizant.cognizantits.engine.execution.run.TestStepRunner.executeStep(TestStepRunner.java:147)
	at com.cognizant.cognizantits.engine.execution.run.TestStepRunner.run(TestStepRunner.java:66)
	at com.cognizant.cognizantits.engine.execution.run.TestCaseRunner.runStep(TestCaseRunner.java:395)
	at com.cognizant.cognizantits.engine.execution.run.TestCaseRunner.run(TestCaseRunner.java:346)
	at com.cognizant.cognizantits.engine.core.Task.runIteration(Task.java:130)
	at com.cognizant.cognizantits.engine.core.Task.run(Task.java:85)
	at java.base/java.util.concurrent.ThreadPoolExecutor.runWorker(ThreadPoolExecutor.java:1130)
	at java.base/java.util.concurrent.ThreadPoolExecutor$Worker.run(ThreadPoolExecutor.java:630)
	at java.base/java.lang.Thread.run(Thread.java:832)

Couldn't find Object 'ContactsPage.tbx_Lname' in stipulated Time '10' Seconds
[FAIL]   | Seems Like the Element [ContactsPage.tbx_Lname] is Not Present/Found in the page Try Adding wait or heal it

===================================================================================================

2021-04-29 15:24:53:04S -0400 [SEVERE] com.cognizant.cognizantits.engine.execution.run.TestCaseRunner onRuntimeException:Seems Like the Element [ContactsPage.tbx_Lname] is Not Present/Found in the page Try Adding wait or heal it
com.cognizant.cognizantits.engine.execution.exception.element.ElementException: Seems Like the Element [ContactsPage.tbx_Lname] is Not Present/Found in the page Try Adding wait or heal it
	at com.cognizant.cognizantits.engine.commands.General.elementDisplayed(General.java:57)
	at com.cognizant.cognizantits.engine.commands.General.elementEnabled(General.java:63)
	at com.cognizant.cognizantits.engine.commands.Basic.Set(Basic.java:99)
	at com.cognizant.cognizantits.engine.support.reflect.MethodExecutor.executeMethod(MethodExecutor.java:39)
	at com.cognizant.cognizantits.engine.execution.run.TestStepRunner.executeAction(TestStepRunner.java:165)
	at com.cognizant.cognizantits.engine.execution.run.TestStepRunner.executeStep(TestStepRunner.java:161)
	at com.cognizant.cognizantits.engine.execution.run.TestStepRunner.executeStep(TestStepRunner.java:147)
	at com.cognizant.cognizantits.engine.execution.run.TestStepRunner.run(TestStepRunner.java:66)
	at com.cognizant.cognizantits.engine.execution.run.TestCaseRunner.runStep(TestCaseRunner.java:395)
	at com.cognizant.cognizantits.engine.execution.run.TestCaseRunner.run(TestCaseRunner.java:346)
	at com.cognizant.cognizantits.engine.core.Task.runIteration(Task.java:130)
	at com.cognizant.cognizantits.engine.core.Task.run(Task.java:85)
	at java.base/java.util.concurrent.ThreadPoolExecutor.runWorker(ThreadPoolExecutor.java:1130)
	at java.base/java.util.concurrent.ThreadPoolExecutor$Worker.run(ThreadPoolExecutor.java:630)
	at java.base/java.lang.Thread.run(Thread.java:832)

Step:12  | Object: ContactsPage.tbx_Email | Action: Click | Input:  | Conditon:  | @29-Apr-2021 15:24:53.053
2021-04-29 15:25:03:04S -0400 [OFF ] com.cognizant.cognizantits.engine.drivers.AutomationObject getElements:null
org.openqa.selenium.TimeoutException: Expected condition failed: waiting for com.cognizant.cognizantits.engine.drivers.AutomationObject$$Lambda$676/0x00000008011c60d0@6e4c1b14 (tried for 10 second(s) with 500 milliseconds interval)
Build info: version: '3.141.59', revision: 'e82be7d358', time: '2018-11-14T08:17:03'
System info: host: 'DESKTOP-F6N48EA', ip: '192.168.2.30', os.name: 'Windows 10', os.arch: 'amd64', os.version: '10.0', java.version: '15.0.2'
Driver info: org.openqa.selenium.chrome.ChromeDriver
Capabilities {acceptInsecureCerts: false, browserName: chrome, browserVersion: 90.0.4430.93, chrome: {chromedriverVersion: 89.0.4389.23 (61b08ee2c5002..., userDataDir: C:\Users\ANKUR~1.KUM\AppDat...}, goog:chromeOptions: {debuggerAddress: localhost:57013}, javascriptEnabled: true, networkConnectionEnabled: false, pageLoadStrategy: normal, platform: WINDOWS, platformName: WINDOWS, proxy: Proxy(), setWindowRect: true, strictFileInteractability: false, timeouts: {implicit: 0, pageLoad: 300000, script: 30000}, unhandledPromptBehavior: dismiss and notify, webauthn:extension:largeBlob: true, webauthn:virtualAuthenticators: true}
Session ID: a47c8be54a062eed7b43ecbe6d9c3db8
	at org.openqa.selenium.support.ui.WebDriverWait.timeoutException(WebDriverWait.java:95)
	at org.openqa.selenium.support.ui.FluentWait.until(FluentWait.java:272)
	at com.cognizant.cognizantits.engine.drivers.AutomationObject.getElements(AutomationObject.java:303)
	at com.cognizant.cognizantits.engine.drivers.AutomationObject.getWElements(AutomationObject.java:255)
	at com.cognizant.cognizantits.engine.drivers.AutomationObject.findElements(AutomationObject.java:242)
	at com.cognizant.cognizantits.engine.drivers.AutomationObject.findElement(AutomationObject.java:118)
	at com.cognizant.cognizantits.engine.drivers.AutomationObject.findElement(AutomationObject.java:111)
	at com.cognizant.cognizantits.engine.core.CommandControl.sync(CommandControl.java:93)
	at com.cognizant.cognizantits.engine.core.CommandControl.sync(CommandControl.java:169)
	at com.cognizant.cognizantits.engine.execution.run.TestStepRunner.executeStep(TestStepRunner.java:160)
	at com.cognizant.cognizantits.engine.execution.run.TestStepRunner.executeStep(TestStepRunner.java:147)
	at com.cognizant.cognizantits.engine.execution.run.TestStepRunner.run(TestStepRunner.java:66)
	at com.cognizant.cognizantits.engine.execution.run.TestCaseRunner.runStep(TestCaseRunner.java:395)
	at com.cognizant.cognizantits.engine.execution.run.TestCaseRunner.run(TestCaseRunner.java:346)
	at com.cognizant.cognizantits.engine.core.Task.runIteration(Task.java:130)
	at com.cognizant.cognizantits.engine.core.Task.run(Task.java:85)
	at java.base/java.util.concurrent.ThreadPoolExecutor.runWorker(ThreadPoolExecutor.java:1130)
	at java.base/java.util.concurrent.ThreadPoolExecutor$Worker.run(ThreadPoolExecutor.java:630)
	at java.base/java.lang.Thread.run(Thread.java:832)

Couldn't find Object 'ContactsPage.tbx_Email' in stipulated Time '10' Seconds
[FAIL]   | Seems Like the Element [ContactsPage.tbx_Email] is Not Present/Found in the page Try Adding wait or heal it

===================================================================================================

2021-04-29 15:25:04:04S -0400 [SEVERE] com.cognizant.cognizantits.engine.execution.run.TestCaseRunner onRuntimeException:Seems Like the Element [ContactsPage.tbx_Email] is Not Present/Found in the page Try Adding wait or heal it
com.cognizant.cognizantits.engine.execution.exception.element.ElementException: Seems Like the Element [ContactsPage.tbx_Email] is Not Present/Found in the page Try Adding wait or heal it
	at com.cognizant.cognizantits.engine.commands.General.elementDisplayed(General.java:57)
	at com.cognizant.cognizantits.engine.commands.General.elementEnabled(General.java:63)
	at com.cognizant.cognizantits.engine.commands.Basic.Click(Basic.java:47)
	at com.cognizant.cognizantits.engine.support.reflect.MethodExecutor.executeMethod(MethodExecutor.java:39)
	at com.cognizant.cognizantits.engine.execution.run.TestStepRunner.executeAction(TestStepRunner.java:165)
	at com.cognizant.cognizantits.engine.execution.run.TestStepRunner.executeStep(TestStepRunner.java:161)
	at com.cognizant.cognizantits.engine.execution.run.TestStepRunner.executeStep(TestStepRunner.java:147)
	at com.cognizant.cognizantits.engine.execution.run.TestStepRunner.run(TestStepRunner.java:66)
	at com.cognizant.cognizantits.engine.execution.run.TestCaseRunner.runStep(TestCaseRunner.java:395)
	at com.cognizant.cognizantits.engine.execution.run.TestCaseRunner.run(TestCaseRunner.java:346)
	at com.cognizant.cognizantits.engine.core.Task.runIteration(Task.java:130)
	at com.cognizant.cognizantits.engine.core.Task.run(Task.java:85)
	at java.base/java.util.concurrent.ThreadPoolExecutor.runWorker(ThreadPoolExecutor.java:1130)
	at java.base/java.util.concurrent.ThreadPoolExecutor$Worker.run(ThreadPoolExecutor.java:630)
	at java.base/java.lang.Thread.run(Thread.java:832)

Step:13  | Object: ContactsPage.tbx_Email | Action: clear | Input:  | Conditon:  | @29-Apr-2021 15:25:04.004
2021-04-29 15:25:14:04S -0400 [OFF ] com.cognizant.cognizantits.engine.drivers.AutomationObject getElements:null
org.openqa.selenium.TimeoutException: Expected condition failed: waiting for com.cognizant.cognizantits.engine.drivers.AutomationObject$$Lambda$676/0x00000008011c60d0@6f972b00 (tried for 10 second(s) with 500 milliseconds interval)
Build info: version: '3.141.59', revision: 'e82be7d358', time: '2018-11-14T08:17:03'
System info: host: 'DESKTOP-F6N48EA', ip: '192.168.2.30', os.name: 'Windows 10', os.arch: 'amd64', os.version: '10.0', java.version: '15.0.2'
Driver info: org.openqa.selenium.chrome.ChromeDriver
Capabilities {acceptInsecureCerts: false, browserName: chrome, browserVersion: 90.0.4430.93, chrome: {chromedriverVersion: 89.0.4389.23 (61b08ee2c5002..., userDataDir: C:\Users\ANKUR~1.KUM\AppDat...}, goog:chromeOptions: {debuggerAddress: localhost:57013}, javascriptEnabled: true, networkConnectionEnabled: false, pageLoadStrategy: normal, platform: WINDOWS, platformName: WINDOWS, proxy: Proxy(), setWindowRect: true, strictFileInteractability: false, timeouts: {implicit: 0, pageLoad: 300000, script: 30000}, unhandledPromptBehavior: dismiss and notify, webauthn:extension:largeBlob: true, webauthn:virtualAuthenticators: true}
Session ID: a47c8be54a062eed7b43ecbe6d9c3db8
	at org.openqa.selenium.support.ui.WebDriverWait.timeoutException(WebDriverWait.java:95)
	at org.openqa.selenium.support.ui.FluentWait.until(FluentWait.java:272)
	at com.cognizant.cognizantits.engine.drivers.AutomationObject.getElements(AutomationObject.java:303)
	at com.cognizant.cognizantits.engine.drivers.AutomationObject.getWElements(AutomationObject.java:255)
	at com.cognizant.cognizantits.engine.drivers.AutomationObject.findElements(AutomationObject.java:242)
	at com.cognizant.cognizantits.engine.drivers.AutomationObject.findElement(AutomationObject.java:118)
	at com.cognizant.cognizantits.engine.drivers.AutomationObject.findElement(AutomationObject.java:111)
	at com.cognizant.cognizantits.engine.core.CommandControl.sync(CommandControl.java:93)
	at com.cognizant.cognizantits.engine.core.CommandControl.sync(CommandControl.java:169)
	at com.cognizant.cognizantits.engine.execution.run.TestStepRunner.executeStep(TestStepRunner.java:160)
	at com.cognizant.cognizantits.engine.execution.run.TestStepRunner.executeStep(TestStepRunner.java:147)
	at com.cognizant.cognizantits.engine.execution.run.TestStepRunner.run(TestStepRunner.java:66)
	at com.cognizant.cognizantits.engine.execution.run.TestCaseRunner.runStep(TestCaseRunner.java:395)
	at com.cognizant.cognizantits.engine.execution.run.TestCaseRunner.run(TestCaseRunner.java:346)
	at com.cognizant.cognizantits.engine.core.Task.runIteration(Task.java:130)
	at com.cognizant.cognizantits.engine.core.Task.run(Task.java:85)
	at java.base/java.util.concurrent.ThreadPoolExecutor.runWorker(ThreadPoolExecutor.java:1130)
	at java.base/java.util.concurrent.ThreadPoolExecutor$Worker.run(ThreadPoolExecutor.java:630)
	at java.base/java.lang.Thread.run(Thread.java:832)

Couldn't find Object 'ContactsPage.tbx_Email' in stipulated Time '10' Seconds
[FAIL]   | Seems Like the Element [ContactsPage.tbx_Email] is Not Present/Found in the page Try Adding wait or heal it

===================================================================================================

2021-04-29 15:25:15:04S -0400 [SEVERE] com.cognizant.cognizantits.engine.execution.run.TestCaseRunner onRuntimeException:Seems Like the Element [ContactsPage.tbx_Email] is Not Present/Found in the page Try Adding wait or heal it
com.cognizant.cognizantits.engine.execution.exception.element.ElementException: Seems Like the Element [ContactsPage.tbx_Email] is Not Present/Found in the page Try Adding wait or heal it
	at com.cognizant.cognizantits.engine.commands.General.elementDisplayed(General.java:57)
	at com.cognizant.cognizantits.engine.commands.General.elementEnabled(General.java:63)
	at com.cognizant.cognizantits.engine.commands.Basic.clear(Basic.java:137)
	at com.cognizant.cognizantits.engine.support.reflect.MethodExecutor.executeMethod(MethodExecutor.java:39)
	at com.cognizant.cognizantits.engine.execution.run.TestStepRunner.executeAction(TestStepRunner.java:165)
	at com.cognizant.cognizantits.engine.execution.run.TestStepRunner.executeStep(TestStepRunner.java:161)
	at com.cognizant.cognizantits.engine.execution.run.TestStepRunner.executeStep(TestStepRunner.java:147)
	at com.cognizant.cognizantits.engine.execution.run.TestStepRunner.run(TestStepRunner.java:66)
	at com.cognizant.cognizantits.engine.execution.run.TestCaseRunner.runStep(TestCaseRunner.java:395)
	at com.cognizant.cognizantits.engine.execution.run.TestCaseRunner.run(TestCaseRunner.java:346)
	at com.cognizant.cognizantits.engine.core.Task.runIteration(Task.java:130)
	at com.cognizant.cognizantits.engine.core.Task.run(Task.java:85)
	at java.base/java.util.concurrent.ThreadPoolExecutor.runWorker(ThreadPoolExecutor.java:1130)
	at java.base/java.util.concurrent.ThreadPoolExecutor$Worker.run(ThreadPoolExecutor.java:630)
	at java.base/java.lang.Thread.run(Thread.java:832)

Step:14  | Object: ContactsPage.tbx_Email | Action: Set | Input: TestData0:Email | Conditon:  | @29-Apr-2021 15:25:15.015
2021-04-29 15:25:25:04S -0400 [OFF ] com.cognizant.cognizantits.engine.drivers.AutomationObject getElements:null
org.openqa.selenium.TimeoutException: Expected condition failed: waiting for com.cognizant.cognizantits.engine.drivers.AutomationObject$$Lambda$676/0x00000008011c60d0@44ddf37c (tried for 10 second(s) with 500 milliseconds interval)
Build info: version: '3.141.59', revision: 'e82be7d358', time: '2018-11-14T08:17:03'
System info: host: 'DESKTOP-F6N48EA', ip: '192.168.2.30', os.name: 'Windows 10', os.arch: 'amd64', os.version: '10.0', java.version: '15.0.2'
Driver info: org.openqa.selenium.chrome.ChromeDriver
Capabilities {acceptInsecureCerts: false, browserName: chrome, browserVersion: 90.0.4430.93, chrome: {chromedriverVersion: 89.0.4389.23 (61b08ee2c5002..., userDataDir: C:\Users\ANKUR~1.KUM\AppDat...}, goog:chromeOptions: {debuggerAddress: localhost:57013}, javascriptEnabled: true, networkConnectionEnabled: false, pageLoadStrategy: normal, platform: WINDOWS, platformName: WINDOWS, proxy: Proxy(), setWindowRect: true, strictFileInteractability: false, timeouts: {implicit: 0, pageLoad: 300000, script: 30000}, unhandledPromptBehavior: dismiss and notify, webauthn:extension:largeBlob: true, webauthn:virtualAuthenticators: true}
Session ID: a47c8be54a062eed7b43ecbe6d9c3db8
	at org.openqa.selenium.support.ui.WebDriverWait.timeoutException(WebDriverWait.java:95)
	at org.openqa.selenium.support.ui.FluentWait.until(FluentWait.java:272)
	at com.cognizant.cognizantits.engine.drivers.AutomationObject.getElements(AutomationObject.java:303)
	at com.cognizant.cognizantits.engine.drivers.AutomationObject.getWElements(AutomationObject.java:255)
	at com.cognizant.cognizantits.engine.drivers.AutomationObject.findElements(AutomationObject.java:242)
	at com.cognizant.cognizantits.engine.drivers.AutomationObject.findElement(AutomationObject.java:118)
	at com.cognizant.cognizantits.engine.drivers.AutomationObject.findElement(AutomationObject.java:111)
	at com.cognizant.cognizantits.engine.core.CommandControl.sync(CommandControl.java:93)
	at com.cognizant.cognizantits.engine.core.CommandControl.sync(CommandControl.java:169)
	at com.cognizant.cognizantits.engine.execution.run.TestStepRunner.executeStep(TestStepRunner.java:160)
	at com.cognizant.cognizantits.engine.execution.run.TestStepRunner.executeStep(TestStepRunner.java:147)
	at com.cognizant.cognizantits.engine.execution.run.TestStepRunner.run(TestStepRunner.java:66)
	at com.cognizant.cognizantits.engine.execution.run.TestCaseRunner.runStep(TestCaseRunner.java:395)
	at com.cognizant.cognizantits.engine.execution.run.TestCaseRunner.run(TestCaseRunner.java:346)
	at com.cognizant.cognizantits.engine.core.Task.runIteration(Task.java:130)
	at com.cognizant.cognizantits.engine.core.Task.run(Task.java:85)
	at java.base/java.util.concurrent.ThreadPoolExecutor.runWorker(ThreadPoolExecutor.java:1130)
	at java.base/java.util.concurrent.ThreadPoolExecutor$Worker.run(ThreadPoolExecutor.java:630)
	at java.base/java.lang.Thread.run(Thread.java:832)

Couldn't find Object 'ContactsPage.tbx_Email' in stipulated Time '10' Seconds
[FAIL]   | Seems Like the Element [ContactsPage.tbx_Email] is Not Present/Found in the page Try Adding wait or heal it

===================================================================================================

2021-04-29 15:25:26:04S -0400 [SEVERE] com.cognizant.cognizantits.engine.execution.run.TestCaseRunner onRuntimeException:Seems Like the Element [ContactsPage.tbx_Email] is Not Present/Found in the page Try Adding wait or heal it
com.cognizant.cognizantits.engine.execution.exception.element.ElementException: Seems Like the Element [ContactsPage.tbx_Email] is Not Present/Found in the page Try Adding wait or heal it
	at com.cognizant.cognizantits.engine.commands.General.elementDisplayed(General.java:57)
	at com.cognizant.cognizantits.engine.commands.General.elementEnabled(General.java:63)
	at com.cognizant.cognizantits.engine.commands.Basic.Set(Basic.java:99)
	at com.cognizant.cognizantits.engine.support.reflect.MethodExecutor.executeMethod(MethodExecutor.java:39)
	at com.cognizant.cognizantits.engine.execution.run.TestStepRunner.executeAction(TestStepRunner.java:165)
	at com.cognizant.cognizantits.engine.execution.run.TestStepRunner.executeStep(TestStepRunner.java:161)
	at com.cognizant.cognizantits.engine.execution.run.TestStepRunner.executeStep(TestStepRunner.java:147)
	at com.cognizant.cognizantits.engine.execution.run.TestStepRunner.run(TestStepRunner.java:66)
	at com.cognizant.cognizantits.engine.execution.run.TestCaseRunner.runStep(TestCaseRunner.java:395)
	at com.cognizant.cognizantits.engine.execution.run.TestCaseRunner.run(TestCaseRunner.java:346)
	at com.cognizant.cognizantits.engine.core.Task.runIteration(Task.java:130)
	at com.cognizant.cognizantits.engine.core.Task.run(Task.java:85)
	at java.base/java.util.concurrent.ThreadPoolExecutor.runWorker(ThreadPoolExecutor.java:1130)
	at java.base/java.util.concurrent.ThreadPoolExecutor$Worker.run(ThreadPoolExecutor.java:630)
	at java.base/java.lang.Thread.run(Thread.java:832)

Step:1   | Object: Browser | Action: pause | Input: @2000 | Conditon:  | @29-Apr-2021 15:25:26.026
[DONE]   | Thread sleep for '2000

===================================================================================================

Step:16  | Object: ContactsPage.tbx_SaveAndClose | Action: Click | Input:  | Conditon:  | @29-Apr-2021 15:25:28.028
2021-04-29 15:25:38:04S -0400 [OFF ] com.cognizant.cognizantits.engine.drivers.AutomationObject getElements:null
org.openqa.selenium.TimeoutException: Expected condition failed: waiting for com.cognizant.cognizantits.engine.drivers.AutomationObject$$Lambda$676/0x00000008011c60d0@776834d5 (tried for 10 second(s) with 500 milliseconds interval)
Build info: version: '3.141.59', revision: 'e82be7d358', time: '2018-11-14T08:17:03'
System info: host: 'DESKTOP-F6N48EA', ip: '192.168.2.30', os.name: 'Windows 10', os.arch: 'amd64', os.version: '10.0', java.version: '15.0.2'
Driver info: org.openqa.selenium.chrome.ChromeDriver
Capabilities {acceptInsecureCerts: false, browserName: chrome, browserVersion: 90.0.4430.93, chrome: {chromedriverVersion: 89.0.4389.23 (61b08ee2c5002..., userDataDir: C:\Users\ANKUR~1.KUM\AppDat...}, goog:chromeOptions: {debuggerAddress: localhost:57013}, javascriptEnabled: true, networkConnectionEnabled: false, pageLoadStrategy: normal, platform: WINDOWS, platformName: WINDOWS, proxy: Proxy(), setWindowRect: true, strictFileInteractability: false, timeouts: {implicit: 0, pageLoad: 300000, script: 30000}, unhandledPromptBehavior: dismiss and notify, webauthn:extension:largeBlob: true, webauthn:virtualAuthenticators: true}
Session ID: a47c8be54a062eed7b43ecbe6d9c3db8
	at org.openqa.selenium.support.ui.WebDriverWait.timeoutException(WebDriverWait.java:95)
	at org.openqa.selenium.support.ui.FluentWait.until(FluentWait.java:272)
	at com.cognizant.cognizantits.engine.drivers.AutomationObject.getElements(AutomationObject.java:303)
	at com.cognizant.cognizantits.engine.drivers.AutomationObject.getWElements(AutomationObject.java:255)
	at com.cognizant.cognizantits.engine.drivers.AutomationObject.findElements(AutomationObject.java:242)
	at com.cognizant.cognizantits.engine.drivers.AutomationObject.findElement(AutomationObject.java:118)
	at com.cognizant.cognizantits.engine.drivers.AutomationObject.findElement(AutomationObject.java:111)
	at com.cognizant.cognizantits.engine.core.CommandControl.sync(CommandControl.java:93)
	at com.cognizant.cognizantits.engine.core.CommandControl.sync(CommandControl.java:169)
	at com.cognizant.cognizantits.engine.execution.run.TestStepRunner.executeStep(TestStepRunner.java:160)
	at com.cognizant.cognizantits.engine.execution.run.TestStepRunner.executeStep(TestStepRunner.java:147)
	at com.cognizant.cognizantits.engine.execution.run.TestStepRunner.run(TestStepRunner.java:66)
	at com.cognizant.cognizantits.engine.execution.run.TestCaseRunner.runStep(TestCaseRunner.java:395)
	at com.cognizant.cognizantits.engine.execution.run.TestCaseRunner.run(TestCaseRunner.java:346)
	at com.cognizant.cognizantits.engine.core.Task.runIteration(Task.java:130)
	at com.cognizant.cognizantits.engine.core.Task.run(Task.java:85)
	at java.base/java.util.concurrent.ThreadPoolExecutor.runWorker(ThreadPoolExecutor.java:1130)
	at java.base/java.util.concurrent.ThreadPoolExecutor$Worker.run(ThreadPoolExecutor.java:630)
	at java.base/java.lang.Thread.run(Thread.java:832)

Couldn't find Object 'ContactsPage.tbx_SaveAndClose' in stipulated Time '10' Seconds
[FAIL]   | Seems Like the Element [ContactsPage.tbx_SaveAndClose] is Not Present/Found in the page Try Adding wait or heal it

===================================================================================================

2021-04-29 15:25:39:04S -0400 [SEVERE] com.cognizant.cognizantits.engine.execution.run.TestCaseRunner onRuntimeException:Seems Like the Element [ContactsPage.tbx_SaveAndClose] is Not Present/Found in the page Try Adding wait or heal it
com.cognizant.cognizantits.engine.execution.exception.element.ElementException: Seems Like the Element [ContactsPage.tbx_SaveAndClose] is Not Present/Found in the page Try Adding wait or heal it
	at com.cognizant.cognizantits.engine.commands.General.elementDisplayed(General.java:57)
	at com.cognizant.cognizantits.engine.commands.General.elementEnabled(General.java:63)
	at com.cognizant.cognizantits.engine.commands.Basic.Click(Basic.java:47)
	at com.cognizant.cognizantits.engine.support.reflect.MethodExecutor.executeMethod(MethodExecutor.java:39)
	at com.cognizant.cognizantits.engine.execution.run.TestStepRunner.executeAction(TestStepRunner.java:165)
	at com.cognizant.cognizantits.engine.execution.run.TestStepRunner.executeStep(TestStepRunner.java:161)
	at com.cognizant.cognizantits.engine.execution.run.TestStepRunner.executeStep(TestStepRunner.java:147)
	at com.cognizant.cognizantits.engine.execution.run.TestStepRunner.run(TestStepRunner.java:66)
	at com.cognizant.cognizantits.engine.execution.run.TestCaseRunner.runStep(TestCaseRunner.java:395)
	at com.cognizant.cognizantits.engine.execution.run.TestCaseRunner.run(TestCaseRunner.java:346)
	at com.cognizant.cognizantits.engine.core.Task.runIteration(Task.java:130)
	at com.cognizant.cognizantits.engine.core.Task.run(Task.java:85)
	at java.base/java.util.concurrent.ThreadPoolExecutor.runWorker(ThreadPoolExecutor.java:1130)
	at java.base/java.util.concurrent.ThreadPoolExecutor$Worker.run(ThreadPoolExecutor.java:630)
	at java.base/java.lang.Thread.run(Thread.java:832)

Step:1   | Object: Browser | Action: pause | Input: @2000 | Conditon:  | @29-Apr-2021 15:25:39.039
[DONE]   | Thread sleep for '2000

===================================================================================================


---------------------------------------------------
Testcase Name        : CreateAContact:TestCase1
Executed Steps       : 34
Passed Steps         : 18
Failed Steps         : 16
Time Taken           : 00:04:32
-----------------------------------------------------

Inside Task Run
Running Iteration 1
Launching Chrome Headless
Launching Local Driver
Starting ChromeDriver 89.0.4389.23 (61b08ee2c50024bab004e48d2b1b083cdbdac579-refs/branch-heads/4389@{#294}) on port 2529
Only local connections are allowed.
Please see https://chromedriver.chromium.org/security-considerations for suggestions on keeping ChromeDriver safe.
ChromeDriver was started successfully.
[1619724343.561][WARNING]: This version of ChromeDriver has not been tested with Chrome version 90.
2021-04-29 15:25:43:04S -0400 [INFO] org.openqa.selenium.remote.ProtocolHandshake createSession:Detected dialect: W3C
Chrome Headless Launched
Step:1   | Object: Browser | Action: Open | Input: %D365 URL% | Conditon:  | @29-Apr-2021 15:25:43.043
[DONE]   | Opened Url: https://orga96af924.crm.dynamics.com/

===================================================================================================

Step:2   | Object: Browser | Action: waitForPageLoaded | Input:  | Conditon:  | @29-Apr-2021 15:25:44.044
[DONE]   | Page load completed in stipulated time

===================================================================================================

Step:3   | Object: LoginPage.txtbx_Username | Action: waitForElementToBeClickable | Input:  | Conditon:  | @29-Apr-2021 15:25:45.045
Using @relative_xpath [//input[@type='email']], Object 'LoginPage.txtbx_Username' Found in 21 ms
[DONE]   | 'LoginPage.txtbx_Username' Element becomes Clickable in stipulated time

===================================================================================================

Step:4   | Object: LoginPage.txtbx_Username | Action: Click | Input:  | Conditon:  | @29-Apr-2021 15:25:45.045
Using @relative_xpath [//input[@type='email']], Object 'LoginPage.txtbx_Username' Found in 12 ms
[DONE]   | Clicking on LoginPage.txtbx_Username

===================================================================================================

Step:5   | Object: LoginPage.txtbx_Username | Action: Set | Input: %D365 Username% | Conditon:  | @29-Apr-2021 15:25:45.045
Using @relative_xpath [//input[@type='email']], Object 'LoginPage.txtbx_Username' Found in 11 ms
[DONE]   | Entered Text 'danj@CRM982058.OnMicrosoft.com' on 'LoginPage.txtbx_Username'

===================================================================================================

Step:6   | Object: LoginPage.tbx_UsernameNext | Action: Click | Input:  | Conditon:  | @29-Apr-2021 15:25:46.046
Using @relative_xpath [//input[@type='submit']], Object 'LoginPage.tbx_UsernameNext' Found in 17 ms
[DONE]   | Clicking on LoginPage.tbx_UsernameNext

===================================================================================================

Step:7   | Object: Browser | Action: pause | Input: @3000 | Conditon:  | @29-Apr-2021 15:25:46.046
[DONE]   | Thread sleep for '3000

===================================================================================================

Step:8   | Object: LoginPage.txtbx_Password | Action: Click | Input:  | Conditon:  | @29-Apr-2021 15:25:49.049
Using @relative_xpath [//input[@name='passwd']], Object 'LoginPage.txtbx_Password' Found in 54 ms
[DONE]   | Clicking on LoginPage.txtbx_Password

===================================================================================================

Step:9   | Object: LoginPage.txtbx_Password | Action: Set | Input: %D365 Password% | Conditon:  | @29-Apr-2021 15:25:49.049
Using @relative_xpath [//input[@name='passwd']], Object 'LoginPage.txtbx_Password' Found in 10 ms
[DONE]   | Entered Text 'TKc287SeNK' on 'LoginPage.txtbx_Password'

===================================================================================================

Step:10  | Object: LoginPage.txtbx_Submit | Action: Click | Input:  | Conditon:  | @29-Apr-2021 15:25:49.049
Using @relative_xpath [//input[@type='submit']], Object 'LoginPage.txtbx_Submit' Found in 10 ms
[DONE]   | Clicking on LoginPage.txtbx_Submit

===================================================================================================

Step:11  | Object: Browser | Action: waitForPageLoaded | Input:  | Conditon:  | @29-Apr-2021 15:25:50.050
[DONE]   | Page load completed in stipulated time

===================================================================================================

Step:12  | Object: LoginPage.btn_YesStaySignedIN | Action: waitForElementToBeClickable | Input:  | Conditon:  | @29-Apr-2021 15:25:50.050
Using @relative_xpath [//input[@value='Yes']], Object 'LoginPage.btn_YesStaySignedIN' Found in 17 ms
[DONE]   | 'LoginPage.btn_YesStaySignedIN' Element becomes Clickable in stipulated time

===================================================================================================

Step:13  | Object: LoginPage.btn_YesStaySignedIN | Action: Click | Input:  | Conditon:  | @29-Apr-2021 15:25:50.050
Using @relative_xpath [//input[@value='Yes']], Object 'LoginPage.btn_YesStaySignedIN' Found in 12 ms
[DONE]   | Clicking on LoginPage.btn_YesStaySignedIN

===================================================================================================

Step:14  | Object: Browser | Action: waitForPageLoaded | Input:  | Conditon:  | @29-Apr-2021 15:25:51.051
[DONE]   | Page load completed in stipulated time

===================================================================================================

Step:15  | Object: HomePage.frame_IframeApps | Action: waitForFrameAndSwitch | Input:  | Conditon:  | @29-Apr-2021 15:25:54.054
Using @relative_xpath [//iframe[@id='AppLandingPage']], Object 'HomePage.frame_IframeApps' Found in 5278 ms
[DONE]   | Switched to Frame By Object 'HomePage.frame_IframeApps' in stipulated Time

===================================================================================================

Step:16  | Object: HomePage.lnk_SalesHub | Action: waitForElementToBeClickable | Input:  | Conditon:  | @29-Apr-2021 15:25:59.059
Using @relative_xpath [//a[starts-with(@aria-label,'Sales Hub')]], Object 'HomePage.lnk_SalesHub' Found in 1135 ms
[DONE]   | 'HomePage.lnk_SalesHub' Element becomes Clickable in stipulated time

===================================================================================================

Step:17  | Object: HomePage.lnk_SalesHub | Action: Click | Input:  | Conditon:  | @29-Apr-2021 15:26:01.001
Using @relative_xpath [//a[starts-with(@aria-label,'Sales Hub')]], Object 'HomePage.lnk_SalesHub' Found in 11 ms
[DONE]   | Clicking on HomePage.lnk_SalesHub

===================================================================================================

Step:18  | Object: Browser | Action: waitForPageLoaded | Input:  | Conditon:  | @29-Apr-2021 15:26:01.001
[DONE]   | Page load completed in stipulated time

===================================================================================================

Step:2   | Object: SalesHubPage.lnk_Contacts | Action: Click | Input:  | Conditon:  | @29-Apr-2021 15:26:02.002
Using @relative_xpath [//span[contains(text(),'Contacts')]], Object 'SalesHubPage.lnk_Contacts' Found in 2460 ms
[DONE]   | Clicking on SalesHubPage.lnk_Contacts

===================================================================================================

Step:1   | Object: Browser | Action: waitForPageLoaded | Input:  | Conditon:  | @29-Apr-2021 15:26:05.005
[DONE]   | Page load completed in stipulated time

===================================================================================================

Step:4   | Object: ContactsPage.btn_New | Action: Click | Input:  | Conditon:  | @29-Apr-2021 15:26:05.005
Using @relative_xpath [//span[contains(text(),'New')]], Object 'ContactsPage.btn_New' Found in 10239 ms
[FAIL]   | Seems Like the Element [ContactsPage.btn_New] is Not Visible or hidden at the moment

===================================================================================================

2021-04-29 15:26:16:04S -0400 [SEVERE] com.cognizant.cognizantits.engine.execution.run.TestCaseRunner onRuntimeException:Seems Like the Element [ContactsPage.btn_New] is Not Visible or hidden at the moment
com.cognizant.cognizantits.engine.execution.exception.element.ElementException: Seems Like the Element [ContactsPage.btn_New] is Not Visible or hidden at the moment
	at com.cognizant.cognizantits.engine.commands.General.elementEnabled(General.java:64)
	at com.cognizant.cognizantits.engine.commands.Basic.Click(Basic.java:47)
	at com.cognizant.cognizantits.engine.support.reflect.MethodExecutor.executeMethod(MethodExecutor.java:39)
	at com.cognizant.cognizantits.engine.execution.run.TestStepRunner.executeAction(TestStepRunner.java:165)
	at com.cognizant.cognizantits.engine.execution.run.TestStepRunner.executeStep(TestStepRunner.java:161)
	at com.cognizant.cognizantits.engine.execution.run.TestStepRunner.executeStep(TestStepRunner.java:147)
	at com.cognizant.cognizantits.engine.execution.run.TestStepRunner.run(TestStepRunner.java:66)
	at com.cognizant.cognizantits.engine.execution.run.TestCaseRunner.runStep(TestCaseRunner.java:395)
	at com.cognizant.cognizantits.engine.execution.run.TestCaseRunner.run(TestCaseRunner.java:346)
	at com.cognizant.cognizantits.engine.core.Task.runIteration(Task.java:130)
	at com.cognizant.cognizantits.engine.core.Task.run(Task.java:85)
	at java.base/java.util.concurrent.ThreadPoolExecutor.runWorker(ThreadPoolExecutor.java:1130)
	at java.base/java.util.concurrent.ThreadPoolExecutor$Worker.run(ThreadPoolExecutor.java:630)
	at java.base/java.lang.Thread.run(Thread.java:832)

Step:1   | Object: Browser | Action: waitForPageLoaded | Input:  | Conditon:  | @29-Apr-2021 15:26:16.016
[DONE]   | Page load completed in stipulated time

===================================================================================================

Step:6   | Object: ContactsPage.tbx_Fname | Action: Click | Input:  | Conditon:  | @29-Apr-2021 15:26:16.016
2021-04-29 15:26:26:04S -0400 [OFF ] com.cognizant.cognizantits.engine.drivers.AutomationObject getElements:null
org.openqa.selenium.TimeoutException: Expected condition failed: waiting for com.cognizant.cognizantits.engine.drivers.AutomationObject$$Lambda$676/0x00000008011c60d0@5076af20 (tried for 10 second(s) with 500 milliseconds interval)
Build info: version: '3.141.59', revision: 'e82be7d358', time: '2018-11-14T08:17:03'
System info: host: 'DESKTOP-F6N48EA', ip: '192.168.2.30', os.name: 'Windows 10', os.arch: 'amd64', os.version: '10.0', java.version: '15.0.2'
Driver info: org.openqa.selenium.chrome.ChromeDriver
Capabilities {acceptInsecureCerts: false, browserName: chrome, browserVersion: 90.0.4430.93, chrome: {chromedriverVersion: 89.0.4389.23 (61b08ee2c5002..., userDataDir: C:\Users\ANKUR~1.KUM\AppDat...}, goog:chromeOptions: {debuggerAddress: localhost:57221}, javascriptEnabled: true, networkConnectionEnabled: false, pageLoadStrategy: normal, platform: WINDOWS, platformName: WINDOWS, proxy: Proxy(), setWindowRect: true, strictFileInteractability: false, timeouts: {implicit: 0, pageLoad: 300000, script: 30000}, unhandledPromptBehavior: dismiss and notify, webauthn:extension:largeBlob: true, webauthn:virtualAuthenticators: true}
Session ID: 491baad9b3340ce9df59e9e6df0474ae
	at org.openqa.selenium.support.ui.WebDriverWait.timeoutException(WebDriverWait.java:95)
	at org.openqa.selenium.support.ui.FluentWait.until(FluentWait.java:272)
	at com.cognizant.cognizantits.engine.drivers.AutomationObject.getElements(AutomationObject.java:303)
	at com.cognizant.cognizantits.engine.drivers.AutomationObject.getWElements(AutomationObject.java:255)
	at com.cognizant.cognizantits.engine.drivers.AutomationObject.findElements(AutomationObject.java:242)
	at com.cognizant.cognizantits.engine.drivers.AutomationObject.findElement(AutomationObject.java:118)
	at com.cognizant.cognizantits.engine.drivers.AutomationObject.findElement(AutomationObject.java:111)
	at com.cognizant.cognizantits.engine.core.CommandControl.sync(CommandControl.java:93)
	at com.cognizant.cognizantits.engine.core.CommandControl.sync(CommandControl.java:169)
	at com.cognizant.cognizantits.engine.execution.run.TestStepRunner.executeStep(TestStepRunner.java:160)
	at com.cognizant.cognizantits.engine.execution.run.TestStepRunner.executeStep(TestStepRunner.java:147)
	at com.cognizant.cognizantits.engine.execution.run.TestStepRunner.run(TestStepRunner.java:66)
	at com.cognizant.cognizantits.engine.execution.run.TestCaseRunner.runStep(TestCaseRunner.java:395)
	at com.cognizant.cognizantits.engine.execution.run.TestCaseRunner.run(TestCaseRunner.java:346)
	at com.cognizant.cognizantits.engine.core.Task.runIteration(Task.java:130)
	at com.cognizant.cognizantits.engine.core.Task.run(Task.java:85)
	at java.base/java.util.concurrent.ThreadPoolExecutor.runWorker(ThreadPoolExecutor.java:1130)
	at java.base/java.util.concurrent.ThreadPoolExecutor$Worker.run(ThreadPoolExecutor.java:630)
	at java.base/java.lang.Thread.run(Thread.java:832)

Couldn't find Object 'ContactsPage.tbx_Fname' in stipulated Time '10' Seconds
[FAIL]   | Seems Like the Element [ContactsPage.tbx_Fname] is Not Present/Found in the page Try Adding wait or heal it

===================================================================================================

2021-04-29 15:26:27:04S -0400 [SEVERE] com.cognizant.cognizantits.engine.execution.run.TestCaseRunner onRuntimeException:Seems Like the Element [ContactsPage.tbx_Fname] is Not Present/Found in the page Try Adding wait or heal it
com.cognizant.cognizantits.engine.execution.exception.element.ElementException: Seems Like the Element [ContactsPage.tbx_Fname] is Not Present/Found in the page Try Adding wait or heal it
	at com.cognizant.cognizantits.engine.commands.General.elementDisplayed(General.java:57)
	at com.cognizant.cognizantits.engine.commands.General.elementEnabled(General.java:63)
	at com.cognizant.cognizantits.engine.commands.Basic.Click(Basic.java:47)
	at com.cognizant.cognizantits.engine.support.reflect.MethodExecutor.executeMethod(MethodExecutor.java:39)
	at com.cognizant.cognizantits.engine.execution.run.TestStepRunner.executeAction(TestStepRunner.java:165)
	at com.cognizant.cognizantits.engine.execution.run.TestStepRunner.executeStep(TestStepRunner.java:161)
	at com.cognizant.cognizantits.engine.execution.run.TestStepRunner.executeStep(TestStepRunner.java:147)
	at com.cognizant.cognizantits.engine.execution.run.TestStepRunner.run(TestStepRunner.java:66)
	at com.cognizant.cognizantits.engine.execution.run.TestCaseRunner.runStep(TestCaseRunner.java:395)
	at com.cognizant.cognizantits.engine.execution.run.TestCaseRunner.run(TestCaseRunner.java:346)
	at com.cognizant.cognizantits.engine.core.Task.runIteration(Task.java:130)
	at com.cognizant.cognizantits.engine.core.Task.run(Task.java:85)
	at java.base/java.util.concurrent.ThreadPoolExecutor.runWorker(ThreadPoolExecutor.java:1130)
	at java.base/java.util.concurrent.ThreadPoolExecutor$Worker.run(ThreadPoolExecutor.java:630)
	at java.base/java.lang.Thread.run(Thread.java:832)


---------------------------------------------------
Testcase Name        : CreateAContact:TestCase2
Executed Steps       : 23
Passed Steps         : 21
Failed Steps         : 2
Time Taken           : 00:00:46
-----------------------------------------------------

Inside Task Run

---------------------------------------------------
Testcase Name        : CreateAContact:TestCase3
Executed Steps       : 0
Passed Steps         : 0
Failed Steps         : 0
Time Taken           : 00:00:00
-----------------------------------------------------

Inside Task Run

---------------------------------------------------
Testcase Name        : CreateAContact:TestCase4
Executed Steps       : 0
Passed Steps         : 0
Failed Steps         : 0
Time Taken           : 00:00:00
-----------------------------------------------------

Inside Task Run

---------------------------------------------------
Testcase Name        : CreateAContact:TestCase5
Executed Steps       : 0
Passed Steps         : 0
Failed Steps         : 0
Time Taken           : 00:00:00
-----------------------------------------------------

Run Finished on Thu Apr 29 15:26:28 EDT 2021
Generating BDD-Report...2021-04-29 15:26:29:04S -0400 [SEVERE] com.cognizant.cognizantits.engine.reporting.impl.html.HtmlSummaryHandler createCucumberBddReport:No value present
java.util.NoSuchElementException: No value present
	at java.base/java.util.Optional.get(Optional.java:141)
	at com.cognizant.cognizantits.engine.reporting.impl.html.bdd.CucumberReport$To.FeatureReport(CucumberReport.java:134)
	at com.cognizant.cognizantits.engine.reporting.impl.html.bdd.CucumberReport.lambda$toCucumberReport$1(CucumberReport.java:127)
	at java.base/java.util.stream.ReferencePipeline$3$1.accept(ReferencePipeline.java:195)
	at java.base/java.util.HashMap$EntrySpliterator.forEachRemaining(HashMap.java:1837)
	at java.base/java.util.stream.AbstractPipeline.copyInto(AbstractPipeline.java:484)
	at java.base/java.util.stream.AbstractPipeline.wrapAndCopyInto(AbstractPipeline.java:474)
	at java.base/java.util.stream.ReduceOps$ReduceOp.evaluateSequential(ReduceOps.java:913)
	at java.base/java.util.stream.AbstractPipeline.evaluate(AbstractPipeline.java:234)
	at java.base/java.util.stream.ReferencePipeline.collect(ReferencePipeline.java:578)
	at com.cognizant.cognizantits.engine.reporting.impl.html.bdd.CucumberReport.toCucumberReport(CucumberReport.java:127)
	at com.cognizant.cognizantits.engine.reporting.impl.html.bdd.CucumberReport.convert(CucumberReport.java:110)
	at com.cognizant.cognizantits.engine.reporting.impl.html.bdd.CucumberReport.toCucumberReport(CucumberReport.java:86)
	at com.cognizant.cognizantits.engine.reporting.impl.html.bdd.CucumberReport.toCucumberReport(CucumberReport.java:75)
	at com.cognizant.cognizantits.engine.reporting.impl.html.HtmlSummaryHandler.createCucumberBddReport(HtmlSummaryHandler.java:251)
	at java.base/java.util.Optional.ifPresent(Optional.java:176)
	at com.cognizant.cognizantits.engine.reporting.impl.html.HtmlSummaryHandler.createBddReport(HtmlSummaryHandler.java:244)
	at com.cognizant.cognizantits.engine.reporting.impl.html.HtmlSummaryHandler.finalizeReport(HtmlSummaryHandler.java:200)
	at com.cognizant.cognizantits.engine.reporting.SummaryReport.finalizeReport(SummaryReport.java:184)
	at com.cognizant.cognizantits.engine.core.Control.endExecution(Control.java:195)
	at com.cognizant.cognizantits.engine.core.Control.startRun(Control.java:178)
	at com.cognizant.cognizantits.engine.core.Control.start(Control.java:61)
	at com.cognizant.cognizantits.engine.core.Control.call(Control.java:70)
	at com.cognizant.cognizantits.ide.main.mainui.EngineConfig.runProject(EngineConfig.java:46)
	at com.cognizant.cognizantits.ide.main.mainui.components.testexecution.testset.TestsetComponent$18.run(TestsetComponent.java:278)
	at java.base/java.lang.Thread.run(Thread.java:832)

-----------------------------------------------------
ExecutionDate        : 29-Apr-2021 15-21-09
Executed TestCases   : 5
Passed TestCases     : 0
Failed TestCases     : 5
Time Taken           : 00:05:19
ReportPath           : file:///C:\Users\Ankur.KumarBetala\Downloads\QA Setup files\cognizant-intelligent-test-scripter-1.4-setup\Projects\D365AutomationSample\Results\TestExecution\NewRelease\CreateAContactReg\29-Apr-2021 15-21-09\summary.html
-----------------------------------------------------
Latest Excel Report Path C:\Users\Ankur.KumarBetala\Downloads\QA Setup files\cognizant-intelligent-test-scripter-1.4-setup\Projects\D365AutomationSample\Results\TestExecution\NewRelease\CreateAContactReg\Latest
